TN:
SF:contracts/src/BuybackCollector.sol
DA:115,30
FN:115,BuybackCollector.constructor
FNDA:30,BuybackCollector.constructor
DA:116,30
DA:117,30
DA:118,30
DA:119,30
DA:120,30
DA:121,30
DA:122,30
DA:123,30
DA:124,30
DA:125,30
DA:126,30
BRDA:126,0,0,0
DA:127,0
DA:129,30
DA:130,30
DA:131,30
DA:132,30
DA:133,30
DA:134,30
DA:135,30
DA:138,14
FN:138,BuybackCollector.nonReentrant
FNDA:14,BuybackCollector.nonReentrant
DA:139,0
BRDA:139,1,0,-
DA:140,14
DA:142,13
DA:145,30
FN:145,BuybackCollector.configureFactory
FNDA:30,BuybackCollector.configureFactory
DA:146,30
BRDA:146,2,0,0
DA:147,0
DA:149,30
BRDA:149,3,0,0
DA:150,30
DA:151,30
DA:152,30
BRDA:152,4,0,30
DA:153,30
DA:154,0
BRDA:154,4,1,-
DA:155,0
DA:157,30
BRDA:157,5,0,0
DA:158,30
DA:159,30
DA:162,363
FN:162,BuybackCollector.recordFeeShares
FNDA:363,BuybackCollector.recordFeeShares
DA:163,363
DA:164,363
DA:165,363
BRDA:165,6,0,0
DA:166,0
DA:168,363
BRDA:168,7,0,0
DA:169,363
DA:170,363
DA:171,363
DA:180,155
FN:180,BuybackCollector.settleFeesViaRedemption
FNDA:155,BuybackCollector.settleFeesViaRedemption
DA:189,155
DA:190,155
DA:191,155
DA:192,153
DA:194,126
DA:195,126
DA:196,126
DA:209,125
DA:210,125
DA:211,125
DA:214,14
FN:214,BuybackCollector.settleFeesViaShareSale
FNDA:14,BuybackCollector.settleFeesViaShareSale
DA:221,14
DA:222,14
DA:223,14
DA:224,14
DA:226,14
DA:227,14
DA:228,14
DA:238,14
DA:239,14
DA:240,14
DA:243,167
FN:243,BuybackCollector._consumePending
FNDA:167,BuybackCollector._consumePending
DA:249,167
BRDA:249,8,0,1
DA:251,166
DA:252,166
DA:253,0
BRDA:253,9,0,-
DA:254,0
DA:256,166
DA:257,166
BRDA:257,10,0,0
DA:258,165
DA:259,165
BRDA:259,11,0,0
DA:260,165
BRDA:260,12,0,1
DA:261,1
DA:264,164
DA:265,164
DA:266,164
DA:267,164
DA:268,164
BRDA:268,13,0,24
DA:269,140
DA:270,140
DA:273,169
FN:273,BuybackCollector._validateLegs
FNDA:169,BuybackCollector._validateLegs
DA:277,169
DA:278,168
DA:279,168
BRDA:279,14,0,1
DA:280,1
DA:283,167
DA:284,167
DA:285,166
DA:286,1
BRDA:286,15,0,1
DA:287,1
DA:292,139
FN:292,BuybackCollector._checkWethOutput
FNDA:139,BuybackCollector._checkWethOutput
DA:297,139
DA:298,139
DA:299,139
BRDA:299,16,0,2
DA:300,2
DA:302,137
BRDA:302,17,0,0
DA:305,137
FN:305,BuybackCollector._finishSettlement
FNDA:137,BuybackCollector._finishSettlement
DA:313,137
DA:316,137
DA:317,137
BRDA:317,18,0,136
DA:318,137
DA:319,111
DA:320,111
DA:321,111
DA:322,111
DA:323,111
BRDA:323,19,0,0
DA:324,0
DA:326,111
DA:338,137
FN:338,BuybackCollector._buyOtf
FNDA:137,BuybackCollector._buyOtf
DA:342,137
BRDA:342,20,0,0
DA:343,0
DA:345,137
DA:346,137
DA:347,137
DA:350,137
DA:351,137
DA:354,137
DA:355,137
DA:356,137
DA:357,137
DA:369,137
DA:370,137
DA:371,137
DA:372,137
DA:375,137
DA:378,136
DA:379,136
DA:380,136
DA:381,136
DA:382,136
BRDA:382,21,0,25
DA:383,25
DA:385,111
DA:386,111
DA:387,111
BRDA:387,22,0,0
DA:388,0
DA:392,552
FN:392,BuybackCollector._approveExact
FNDA:552,BuybackCollector._approveExact
DA:393,552
BRDA:393,23,0,0
DA:394,0
DA:396,552
DA:397,552
BRDA:397,24,0,0
DA:400,136
FN:400,BuybackCollector._pushExact
FNDA:136,BuybackCollector._pushExact
DA:401,136
DA:402,136
DA:403,136
DA:404,136
DA:405,136
DA:406,136
DA:407,136
DA:408,136
BRDA:408,25,0,0
DA:409,0
DA:413,529
FN:413,BuybackCollector._isFactoryVault
FNDA:529,BuybackCollector._isFactoryVault
DA:414,529
DA:415,529
DA:416,529
DA:419,169
FN:419,BuybackCollector._entryExitRouter
FNDA:169,BuybackCollector._entryExitRouter
DA:420,169
DA:421,169
BRDA:421,26,0,0
DA:422,169
DA:425,379
FN:425,BuybackCollector._requireContract
FNDA:379,BuybackCollector._requireContract
DA:426,379
BRDA:426,27,0,0
DA:427,379
BRDA:427,28,0,0
FNF:16
FNH:16
LF:168
LH:155
BRF:30
BRH:9
end_of_record
TN:
SF:contracts/src/ManagedOTFVault.sol
DA:21,467
FN:21,ManagedOTFVault.constructor
FNDA:467,ManagedOTFVault.constructor
DA:23,0
DA:27,850
FN:27,ManagedOTFVault.initialize
FNDA:850,ManagedOTFVault.initialize
DA:32,850
BRDA:32,0,0,0
DA:33,850
DA:34,850
DA:35,850
DA:36,850
DA:39,850
DA:40,850
DA:41,850
DA:42,0
BRDA:42,1,0,-
DA:43,850
BRDA:43,2,0,0
DA:44,0
DA:46,850
DA:47,820
DA:48,820
BRDA:48,3,0,1
DA:49,819
BRDA:49,4,0,1
DA:50,1
DA:52,818
BRDA:52,5,0,0
DA:53,0
DA:55,818
BRDA:55,6,0,0
DA:56,0
DA:58,818
BRDA:58,7,0,0
DA:59,818
DA:60,818
BRDA:60,8,0,8
DA:61,8
DA:63,814
BRDA:63,9,0,8
DA:64,8
DA:66,806
BRDA:66,10,0,8
DA:67,8
DA:70,798
DA:72,4
BRDA:72,11,0,4
DA:73,4
DA:78,794
BRDA:78,12,0,12
DA:79,12
DA:81,782
BRDA:81,13,0,9
DA:82,9
DA:84,773
DA:85,773
DA:86,773
DA:87,773
DA:88,773
DA:89,773
DA:90,773
DA:91,773
DA:92,773
DA:93,773
DA:94,773
DA:96,773
DA:97,2137
DA:98,2137
BRDA:98,14,0,6
DA:99,6
DA:101,2131
BRDA:101,15,0,9
DA:102,2122
DA:103,2122
BRDA:103,16,0,11
DA:104,2111
DA:105,2111
DA:108,747
DA:109,747
DA:110,747
DA:111,747
DA:116,952
FN:116,ManagedOTFVault.assets
FNDA:952,ManagedOTFVault.assets
DA:117,952
DA:120,64
FN:120,ManagedOTFVault.factory
FNDA:64,ManagedOTFVault.factory
DA:121,64
DA:124,86
FN:124,ManagedOTFVault.creator
FNDA:86,ManagedOTFVault.creator
DA:125,86
DA:128,850
FN:128,ManagedOTFVault._validateVaultMetadata
FNDA:850,ManagedOTFVault._validateVaultMetadata
DA:129,850
BRDA:129,17,0,14
DA:130,848
DA:131,3327
BRDA:131,18,0,14
DA:134,834
DA:136,834
DA:137,826
DA:138,9
BRDA:138,19,0,9
DA:139,825
DA:140,829
BRDA:140,20,0,820
DA:142,5
DA:145,4156
FN:145,ManagedOTFVault._isAsciiAlphanumeric
FNDA:4156,ManagedOTFVault._isAsciiAlphanumeric
DA:146,4156
DA:150,66
FN:150,ManagedOTFVault.fundThesis
FNDA:66,ManagedOTFVault.fundThesis
DA:151,66
DA:154,217
FN:154,ManagedOTFVault.expenseBeneficiary
FNDA:217,ManagedOTFVault.expenseBeneficiary
DA:155,217
DA:158,64
FN:158,ManagedOTFVault.buybackCollector
FNDA:64,ManagedOTFVault.buybackCollector
DA:159,64
DA:162,64
FN:162,ManagedOTFVault.entryExitRouter
FNDA:64,ManagedOTFVault.entryExitRouter
DA:163,64
DA:166,307
FN:166,ManagedOTFVault.annualCreatorExpenseRatioBps
FNDA:307,ManagedOTFVault.annualCreatorExpenseRatioBps
DA:167,307
DA:170,275
FN:170,ManagedOTFVault.mintFeeBps
FNDA:275,ManagedOTFVault.mintFeeBps
DA:171,275
DA:174,190
FN:174,ManagedOTFVault.redeemFeeBps
FNDA:190,ManagedOTFVault.redeemFeeBps
DA:175,190
DA:178,64
FN:178,ManagedOTFVault.otfToken
FNDA:64,ManagedOTFVault.otfToken
DA:179,64
DA:182,679
FN:182,ManagedOTFVault.bootstrapBasketUnitsPerOTF
FNDA:679,ManagedOTFVault.bootstrapBasketUnitsPerOTF
DA:183,679
DA:186,76
FN:186,ManagedOTFVault.bootstrapBasketUnits
FNDA:76,ManagedOTFVault.bootstrapBasketUnits
DA:187,76
DA:188,76
DA:189,76
DA:190,419
DA:194,2378
FN:194,ManagedOTFVault.accountedBalance
FNDA:2378,ManagedOTFVault.accountedBalance
DA:195,2378
DA:198,1072
FN:198,ManagedOTFVault.accountedBalances
FNDA:1072,ManagedOTFVault.accountedBalances
DA:199,1072
DA:200,1072
DA:201,1072
DA:202,3242
DA:206,1748
FN:206,ManagedOTFVault.shutdown
FNDA:1748,ManagedOTFVault.shutdown
DA:207,1748
DA:210,8
FN:210,ManagedOTFVault.shutdownAt
FNDA:8,ManagedOTFVault.shutdownAt
DA:211,8
DA:214,176
FN:214,ManagedOTFVault.lastFeeCheckpointTimestamp
FNDA:176,ManagedOTFVault.lastFeeCheckpointTimestamp
DA:215,176
DA:218,768
FN:218,ManagedOTFVault.feeShareRemainderWad
FNDA:768,ManagedOTFVault.feeShareRemainderWad
DA:219,768
DA:220,768
DA:224,0
FN:224,ManagedOTFVault.tokenURI
FNDA:0,ManagedOTFVault.tokenURI
DA:225,0
DA:229,288
FN:229,ManagedOTFVault.backingIsSound
FNDA:288,ManagedOTFVault.backingIsSound
DA:230,288
DA:231,288
DA:232,1337
DA:233,1337
BRDA:233,21,0,1337
DA:234,1337
BRDA:234,22,0,37
DA:235,0
BRDA:235,21,1,-
DA:236,0
DA:239,251
DA:244,3832
FN:244,ManagedOTFVault.pendingExpenseFeeShares
FNDA:3832,ManagedOTFVault.pendingExpenseFeeShares
DA:245,3832
BRDA:245,23,0,1479
DA:246,2353
DA:247,2353
BRDA:247,24,0,714
DA:248,714
DA:252,591
FN:252,ManagedOTFVault.previewExpenseFees
FNDA:591,ManagedOTFVault.previewExpenseFees
DA:262,591
DA:263,591
DA:264,591
DA:268,6313
FN:268,ManagedOTFVault.feeCreatorShareBps
FNDA:6313,ManagedOTFVault.feeCreatorShareBps
DA:269,6313
DA:270,6313
DA:273,6313
DA:274,6240
DA:275,6313
DA:278,3016
FN:278,ManagedOTFVault.checkpointFees
FNDA:3016,ManagedOTFVault.checkpointFees
DA:284,3016
DA:289,1834
FN:289,ManagedOTFVault.previewMint
FNDA:1834,ManagedOTFVault.previewMint
DA:290,1834
BRDA:290,25,0,0
DA:291,1834
DA:292,1834
BRDA:292,26,0,1
DA:293,1
DA:295,1833
DA:298,5
FN:298,ManagedOTFVault.previewMintFee
FNDA:5,ManagedOTFVault.previewMintFee
DA:309,5
BRDA:309,27,0,0
DA:310,5
DA:311,5
DA:312,5
DA:313,5
DA:316,303
FN:316,ManagedOTFVault.previewMaxMint
FNDA:303,ManagedOTFVault.previewMaxMint
DA:321,303
DA:322,303
BRDA:322,28,0,0
DA:323,0
DA:325,303
DA:326,303
DA:327,0
DA:328,303
DA:329,303
DA:330,1830
DA:333,1830
BRDA:333,29,0,0
DA:334,1830
DA:335,1830
DA:336,1830
BRDA:336,30,0,339
DA:338,303
BRDA:338,31,0,0
DA:339,303
DA:340,303
BRDA:340,32,0,1
DA:341,303
BRDA:341,33,0,1
DA:342,302
DA:345,473
FN:345,ManagedOTFVault.previewRedeem
FNDA:473,ManagedOTFVault.previewRedeem
DA:350,473
BRDA:350,34,0,0
DA:351,473
DA:352,473
BRDA:352,35,0,0
DA:353,473
DA:354,473
DA:355,473
BRDA:355,36,0,64
DA:356,409
DA:364,154
FN:364,ManagedOTFVault.previewRedeemFee
FNDA:154,ManagedOTFVault.previewRedeemFee
DA:375,154
BRDA:375,37,0,0
DA:376,154
DA:377,3
DA:378,153
DA:379,153
DA:382,1727
FN:382,ManagedOTFVault.routerMint
FNDA:1727,ManagedOTFVault.routerMint
DA:389,145
BRDA:389,38,0,145
DA:390,1582
BRDA:390,39,0,0
DA:391,1582
BRDA:391,40,0,0
DA:392,1582
BRDA:392,41,0,0
DA:393,1582
DA:394,1582
BRDA:394,42,0,0
DA:395,0
DA:398,1582
DA:399,1582
DA:400,0
DA:401,1580
BRDA:401,43,0,1
DA:402,1
DA:404,1579
DA:405,1579
DA:406,1579
DA:407,1579
DA:408,1579
DA:409,4523
DA:410,4523
DA:411,4523
BRDA:411,44,0,0
DA:412,4523
DA:413,4523
DA:415,1577
DA:416,1577
DA:417,1576
DA:418,1576
DA:419,1576
DA:420,0
DA:421,1576
DA:422,1577
DA:425,339
FN:425,ManagedOTFVault.routerRedeem
FNDA:339,ManagedOTFVault.routerRedeem
DA:432,339
DA:433,337
DA:439,1120
FN:439,ManagedOTFVault.redeemInKind
FNDA:1120,ManagedOTFVault.redeemInKind
DA:445,1120
DA:446,1120
DA:448,1031
DA:451,1459
FN:451,ManagedOTFVault._redeem
FNDA:1459,ManagedOTFVault._redeem
DA:458,1459
BRDA:458,45,0,0
DA:459,1459
BRDA:459,46,0,0
DA:460,1459
BRDA:460,47,0,19
DA:461,1440
DA:462,1440
BRDA:462,48,0,0
DA:463,0
DA:465,1440
BRDA:465,49,0,1
DA:466,1439
DA:467,3428
BRDA:467,50,0,1
DA:468,1
DA:472,1438
DA:473,1438
DA:474,1438
BRDA:474,51,0,1210
DA:475,1210
DA:476,1210
DA:478,1438
DA:479,1438
BRDA:479,52,0,64
DA:480,1374
DA:482,1374
DA:483,1374
DA:484,1374
DA:485,1374
DA:486,1374
DA:487,1374
DA:488,3296
DA:489,3296
DA:490,3296
DA:493,3296
DA:494,3296
BRDA:494,53,0,36
DA:495,36
DA:496,36
DA:499,3260
DA:500,3260
BRDA:500,54,0,2
DA:501,2
DA:503,3258
DA:504,3258
DA:505,3258
DA:506,3258
DA:509,3258
DA:510,3258
BRDA:510,55,0,0
DA:511,0
DA:515,1372
BRDA:515,56,0,338
DA:516,1372
DA:517,1371
DA:520,1371
DA:521,3292
DA:523,1371
DA:524,3292
BRDA:524,57,0,36
DA:525,3256
DA:526,3256
DA:527,3256
BRDA:527,58,0,0
DA:528,0
DA:532,3256
DA:533,3256
BRDA:533,59,0,0
DA:534,0
DA:538,3256
DA:540,1371
DA:543,0
DA:544,1368
BRDA:544,60,0,0
DA:545,1368
BRDA:545,61,0,570
DA:546,570
DA:554,97
FN:554,ManagedOTFVault.activateEmergencyShutdown
FNDA:97,ManagedOTFVault.activateEmergencyShutdown
DA:555,1
BRDA:555,62,0,1
DA:556,96
BRDA:556,63,0,3
DA:557,3
DA:559,93
DA:560,93
DA:561,93
DA:562,93
DA:567,3714
FN:567,ManagedOTFVault._previewMintWithSupply
FNDA:3714,ManagedOTFVault._previewMintWithSupply
DA:572,3714
BRDA:572,64,0,0
DA:573,0
DA:575,3714
DA:576,3714
DA:577,3714
DA:578,12736
DA:581,12736
DA:582,12736
DA:586,409
FN:586,ManagedOTFVault._previewRedeemWithSupply
FNDA:409,ManagedOTFVault._previewRedeemWithSupply
DA:592,409
BRDA:592,65,0,0
DA:593,0
DA:595,409
DA:596,409
DA:597,409
DA:598,1366
BRDA:598,66,0,31
DA:599,1335
DA:600,1335
DA:601,1335
DA:602,1335
BRDA:602,67,0,1
DA:603,1
DA:605,1334
DA:606,1334
DA:611,10528
FN:611,ManagedOTFVault._feeTargetAt
FNDA:10528,ManagedOTFVault._feeTargetAt
DA:616,10528
DA:617,10528
BRDA:617,68,0,694
DA:618,694
DA:620,9834
DA:621,9834
BRDA:621,69,0,2847
DA:623,6987
BRDA:623,70,0,21
DA:624,21
DA:625,21
DA:626,21
DA:627,21
DA:628,21
DA:629,21
DA:630,21
DA:631,21
DA:632,21
DA:635,6966
DA:636,6966
DA:637,6966
BRDA:637,71,0,0
DA:638,6966
DA:639,6966
DA:640,6966
DA:641,6966
DA:642,6966
DA:645,5901
FN:645,ManagedOTFVault._accrueFees
FNDA:5901,ManagedOTFVault._accrueFees
DA:646,177
BRDA:646,72,0,177
DA:647,5724
DA:648,5724
BRDA:648,73,0,939
DA:649,4785
DA:650,4785
BRDA:650,74,0,2348
DA:651,2437
DA:652,2437
DA:654,2437
DA:655,2437
DA:656,2437
DA:657,2437
DA:660,2913
FN:660,ManagedOTFVault._splitFeeShares
FNDA:2913,ManagedOTFVault._splitFeeShares
DA:665,2913
DA:666,2913
DA:669,2755
FN:669,ManagedOTFVault._mintFeeShares
FNDA:2755,ManagedOTFVault._mintFeeShares
DA:673,2755
DA:674,2755
DA:678,3028
FN:678,ManagedOTFVault._splitExpenseFeeShares
FNDA:3028,ManagedOTFVault._splitExpenseFeeShares
DA:683,3028
DA:684,3028
DA:686,3028
DA:687,3028
DA:688,3028
DA:691,2437
FN:691,ManagedOTFVault._mintExpenseFeeShares
FNDA:2437,ManagedOTFVault._mintExpenseFeeShares
DA:695,2437
DA:696,2437
DA:698,2437
DA:699,2437
DA:702,5192
FN:702,ManagedOTFVault._collectFeeShares
FNDA:5192,ManagedOTFVault._collectFeeShares
DA:705,5192
BRDA:705,75,0,1375
DA:706,3817
DA:707,3817
DA:710,3719
FN:710,ManagedOTFVault._grossMintShares
FNDA:3719,ManagedOTFVault._grossMintShares
DA:711,3719
BRDA:711,76,0,1679
DA:712,2040
DA:715,1612
FN:715,ManagedOTFVault._netRedeemShares
FNDA:1612,ManagedOTFVault._netRedeemShares
DA:721,1612
BRDA:721,77,0,833
DA:722,779
DA:723,779
DA:724,779
BRDA:724,78,0,1
DA:727,2622
FN:727,ManagedOTFVault._resetFeeEpoch
FNDA:2622,ManagedOTFVault._resetFeeEpoch
DA:728,2622
DA:729,2622
DA:730,2622
DA:731,2622
DA:732,2622
DA:735,1368
FN:735,ManagedOTFVault._shutdownIfSupplyTooLow
FNDA:1368,ManagedOTFVault._shutdownIfSupplyTooLow
DA:736,1368
DA:737,1368
BRDA:737,79,0,1237
DA:738,131
DA:739,131
DA:740,131
DA:743,14671
FN:743,ManagedOTFVault._isSkipped
FNDA:14671,ManagedOTFVault._isSkipped
DA:744,14671
DA:747,1582
FN:747,ManagedOTFVault._requireBackingSound
FNDA:1582,ManagedOTFVault._requireBackingSound
DA:748,1582
DA:749,1582
DA:750,4536
DA:751,4536
DA:752,4536
DA:753,4536
BRDA:753,80,0,2
DA:758,20
FN:758,ManagedOTFVault._hasBackingDeficit
FNDA:20,ManagedOTFVault._hasBackingDeficit
DA:759,20
DA:760,20
DA:761,42
DA:762,42
BRDA:762,81,0,42
DA:763,40
BRDA:763,82,0,17
DA:766,0
DA:769,1579
FN:769,ManagedOTFVault._actualBalances
FNDA:1579,ManagedOTFVault._actualBalances
DA:770,1579
DA:773,3158
FN:773,ManagedOTFVault._basketBalances
FNDA:3158,ManagedOTFVault._basketBalances
DA:774,3158
DA:775,3158
DA:776,3158
DA:777,9050
DA:781,1577
FN:781,ManagedOTFVault._requireExpectedBalances
FNDA:1577,ManagedOTFVault._requireExpectedBalances
DA:786,1577
DA:787,1577
DA:788,4520
DA:789,4520
DA:790,4520
DA:791,4520
BRDA:791,83,0,1
DA:795,1576
FN:795,ManagedOTFVault._requireExpectedAccountBalances
FNDA:1576,ManagedOTFVault._requireExpectedAccountBalances
DA:801,1576
DA:802,1576
DA:803,4519
DA:804,4519
DA:805,4519
DA:806,4519
BRDA:806,84,0,0
DA:807,0
DA:812,1371
FN:812,ManagedOTFVault._requireExpectedUnskippedBalances
FNDA:1371,ManagedOTFVault._requireExpectedUnskippedBalances
DA:819,1371
DA:820,1371
DA:821,3289
BRDA:821,85,0,36
DA:822,3253
DA:823,3253
DA:824,3253
DA:825,3253
BRDA:825,86,0,2
DA:826,2
DA:828,3251
DA:829,3251
DA:830,3251
BRDA:830,87,0,1
DA:831,1
DA:838,4523
FN:838,ManagedOTFVault._pullExact
FNDA:4523,ManagedOTFVault._pullExact
DA:839,4523
DA:840,4523
DA:841,4523
DA:842,4523
DA:843,4523
DA:844,4523
DA:845,4523
DA:846,4523
BRDA:846,88,0,2
DA:847,2
DA:851,3256
FN:851,ManagedOTFVault._pushExact
FNDA:3256,ManagedOTFVault._pushExact
DA:852,3256
DA:853,3256
DA:854,3256
BRDA:854,89,0,3048
DA:855,3256
DA:856,3256
DA:857,3256
DA:858,3256
DA:859,3256
BRDA:859,90,0,0
DA:860,0
FNF:62
FNH:61
LF:472
LH:448
BRF:92
BRH:60
end_of_record
TN:
SF:contracts/src/ManagedOTFVaultStorage.sol
DA:128,1120
FN:128,ManagedOTFVaultStorage.onlyInitialized
FNDA:1120,ManagedOTFVaultStorage.onlyInitialized
DA:129,1120
BRDA:129,0,0,0
DA:133,340
FN:133,ManagedOTFVaultStorage.onlyRouter
FNDA:340,ManagedOTFVaultStorage.onlyRouter
DA:134,340
BRDA:134,1,0,1
DA:138,1120
FN:138,ManagedOTFVaultStorage.nonReentrant
FNDA:1120,ManagedOTFVaultStorage.nonReentrant
DA:139,1120
BRDA:139,2,0,0
DA:140,1120
DA:142,1031
FNF:3
FNH:3
LF:8
LH:8
BRF:3
BRH:1
end_of_record
TN:
SF:contracts/src/MerkleRewardsDistributor.sol
DA:37,70
FN:37,MerkleRewardsDistributor.constructor
FNDA:70,MerkleRewardsDistributor.constructor
DA:38,70
BRDA:38,0,0,0
DA:39,70
BRDA:39,1,0,0
DA:40,70
DA:43,453
FN:43,MerkleRewardsDistributor.setMerkleRoot
FNDA:453,MerkleRewardsDistributor.setMerkleRoot
DA:44,453
DA:45,453
DA:46,453
DA:47,453
DA:50,6611
FN:50,MerkleRewardsDistributor.leafFor
FNDA:6611,MerkleRewardsDistributor.leafFor
DA:51,6611
DA:58,4655
FN:58,MerkleRewardsDistributor.claim
FNDA:4655,MerkleRewardsDistributor.claim
DA:62,4655
DA:63,4655
BRDA:63,2,0,1
DA:64,1
DA:66,4654
DA:67,1593
BRDA:67,3,0,1593
DA:68,1593
DA:70,3061
DA:71,3061
BRDA:71,4,0,1465
DA:72,1596
DA:73,1596
BRDA:73,5,0,64
DA:74,1532
DA:75,1532
DA:76,1532
FNF:4
FNH:4
LF:25
LH:25
BRF:6
BRH:4
end_of_record
TN:
SF:contracts/src/OTFEntryExitRouter.sol
DA:164,62
FN:164,OTFEntryExitRouter.constructor
FNDA:62,OTFEntryExitRouter.constructor
DA:167,62
DA:168,62
DA:169,62
DA:170,62
DA:173,38
FN:173,OTFEntryExitRouter.receive
FNDA:38,OTFEntryExitRouter.receive
DA:174,38
BRDA:174,0,0,1
DA:177,5
FN:177,OTFEntryExitRouter.nonReentrant
FNDA:5,OTFEntryExitRouter.nonReentrant
DA:178,0
BRDA:178,1,0,-
DA:179,5
DA:181,5
DA:185,157
FN:185,OTFEntryExitRouter.setAdapterApproved
FNDA:157,OTFEntryExitRouter.setAdapterApproved
DA:186,156
BRDA:186,2,0,156
BRDA:186,2,1,0
DA:187,156
DA:188,156
DA:189,156
BRDA:189,3,0,1
DA:190,1
DA:192,1
BRDA:192,4,0,0
DA:193,0
DA:195,156
DA:196,155
DA:200,363
FN:200,OTFEntryExitRouter.mintFromToken
FNDA:363,OTFEntryExitRouter.mintFromToken
DA:205,363
DA:206,357
DA:207,357
DA:208,357
DA:209,224
DA:211,224
DA:222,28
FN:222,OTFEntryExitRouter.mintFromNative
FNDA:28,OTFEntryExitRouter.mintFromNative
DA:233,28
BRDA:233,5,0,2
DA:234,2
DA:236,26
BRDA:236,6,0,1
DA:237,25
DA:238,23
DA:239,23
DA:240,25
DA:241,25
DA:244,25
DA:248,202
FN:248,OTFEntryExitRouter.redeemToToken
FNDA:202,OTFEntryExitRouter.redeemToToken
DA:257,202
DA:258,202
DA:259,199
DA:260,199
DA:262,199
DA:263,199
DA:265,199
DA:271,17
FN:271,OTFEntryExitRouter.redeemToNative
FNDA:17,OTFEntryExitRouter.redeemToNative
DA:280,17
BRDA:280,7,0,0
DA:281,0
DA:283,17
DA:284,17
DA:285,17
DA:286,17
DA:287,17
BRDA:287,8,0,0
DA:288,0
DA:294,17
DA:295,17
DA:296,17
DA:298,16
DA:303,15
FN:303,OTFEntryExitRouter.swapFeeSharesToWeth
FNDA:15,OTFEntryExitRouter.swapFeeSharesToWeth
DA:308,15
BRDA:308,9,0,1
DA:309,1
DA:311,14
DA:312,14
DA:313,14
BRDA:313,10,0,0
DA:314,14
BRDA:314,11,0,0
DA:316,14
DA:317,14
DA:318,14
DA:319,14
DA:320,14
DA:322,14
DA:323,14
DA:324,14
DA:325,14
DA:326,13
DA:327,13
BRDA:327,12,0,0
DA:328,0
DA:330,13
DA:331,13
DA:332,13
DA:333,13
BRDA:333,13,0,0
DA:335,13
DA:338,388
FN:338,OTFEntryExitRouter._prepareMint
FNDA:388,OTFEntryExitRouter._prepareMint
DA:342,388
DA:343,386
DA:344,386
DA:345,386
DA:346,386
DA:347,386
DA:348,388
DA:349,388
DA:350,380
DA:353,380
FN:353,OTFEntryExitRouter._processMint
FNDA:380,OTFEntryExitRouter._processMint
DA:358,380
DA:359,380
DA:362,219
FN:362,OTFEntryExitRouter._prepareRedeem
FNDA:219,OTFEntryExitRouter._prepareRedeem
DA:367,219
DA:368,219
DA:369,219
BRDA:369,14,0,0
DA:370,219
DA:371,219
DA:372,219
BRDA:372,15,0,0
DA:373,0
DA:375,219
DA:376,219
DA:377,217
DA:378,219
DA:379,219
DA:380,219
DA:381,216
DA:384,216
FN:384,OTFEntryExitRouter._processRedeem
FNDA:216,OTFEntryExitRouter._processRedeem
DA:390,216
DA:391,216
DA:399,216
DA:400,216
DA:401,216
DA:402,216
BRDA:402,16,0,0
DA:403,0
DA:408,5
FN:408,OTFEntryExitRouter.swapBasketToBasket
FNDA:5,OTFEntryExitRouter.swapBasketToBasket
DA:417,5
DA:418,5
DA:419,5
DA:420,5
BRDA:420,17,0,0
DA:421,5
DA:422,5
DA:423,10
BRDA:423,18,0,9
DA:424,1
DA:425,2
BRDA:425,19,0,0
DA:426,0
DA:431,5
DA:432,5
DA:433,5
DA:434,5
DA:435,5
DA:436,5
DA:437,5
DA:438,5
DA:439,5
DA:440,5
DA:442,5
DA:443,5
DA:451,5
DA:452,5
DA:453,5
DA:455,5
DA:460,388
FN:460,OTFEntryExitRouter._validateMintRequest
FNDA:388,OTFEntryExitRouter._validateMintRequest
DA:461,388
DA:462,388
DA:463,388
DA:465,388
DA:466,388
DA:467,1
BRDA:467,20,0,1
DA:468,1
DA:470,387
BRDA:470,21,0,1
DA:471,386
BRDA:471,22,0,0
DA:474,219
FN:474,OTFEntryExitRouter._validateRedeemRequest
FNDA:219,OTFEntryExitRouter._validateRedeemRequest
DA:475,219
DA:476,219
DA:477,219
DA:479,219
DA:480,219
DA:481,0
BRDA:481,23,0,-
DA:482,0
DA:484,219
BRDA:484,24,0,0
DA:485,219
BRDA:485,25,0,0
DA:488,5
FN:488,OTFEntryExitRouter._validateBasketSwapRequest
FNDA:5,OTFEntryExitRouter._validateBasketSwapRequest
DA:489,5
DA:490,5
DA:491,5
DA:492,5
BRDA:492,26,0,0
DA:493,5
BRDA:493,27,0,0
DA:494,5
BRDA:494,28,0,0
DA:497,626
FN:497,OTFEntryExitRouter._validateDeadline
FNDA:626,OTFEntryExitRouter._validateDeadline
DA:500,626
BRDA:500,29,0,0
DA:503,631
FN:503,OTFEntryExitRouter._requireVault
FNDA:631,OTFEntryExitRouter._requireVault
DA:504,631
DA:505,631
BRDA:505,30,0,0
DA:508,6734
FN:508,OTFEntryExitRouter._requireToken
FNDA:6734,OTFEntryExitRouter._requireToken
DA:509,6734
DA:512,7918
FN:512,OTFEntryExitRouter._requireContract
FNDA:7918,OTFEntryExitRouter._requireContract
DA:513,7918
BRDA:513,31,0,1
DA:514,7917
BRDA:514,32,0,1
DA:517,615
FN:517,OTFEntryExitRouter._validatedAssets
FNDA:615,OTFEntryExitRouter._validatedAssets
DA:518,615
DA:519,615
BRDA:519,33,0,0
DA:520,0
DA:522,615
DA:523,1230
DA:524,1230
DA:525,615
BRDA:525,34,0,0
DA:530,624
FN:530,OTFEntryExitRouter._newBalanceSheet
FNDA:624,OTFEntryExitRouter._newBalanceSheet
DA:531,624
DA:532,624
DA:533,624
DA:534,624
DA:535,624
DA:538,391
FN:538,OTFEntryExitRouter._addAssets
FNDA:391,OTFEntryExitRouter._addAssets
DA:539,391
DA:540,782
DA:544,222
FN:544,OTFEntryExitRouter._addUnskippedAssets
FNDA:222,OTFEntryExitRouter._addUnskippedAssets
DA:549,222
DA:550,444
BRDA:550,35,0,438
DA:554,224
FN:554,OTFEntryExitRouter._validateSkipMask
FNDA:224,OTFEntryExitRouter._validateSkipMask
DA:559,224
BRDA:559,36,0,1
DA:560,1
DA:562,223
DA:563,445
BRDA:563,37,0,1
DA:564,1
DA:569,222
FN:569,OTFEntryExitRouter._rejectSkippedLegs
FNDA:222,OTFEntryExitRouter._rejectSkippedLegs
DA:573,222
DA:574,227
BRDA:574,38,0,1
DA:575,1
DA:577,226
BRDA:577,39,0,0
DA:578,0
DA:583,672
FN:583,OTFEntryExitRouter._isSkippedAsset
FNDA:672,OTFEntryExitRouter._isSkippedAsset
DA:588,672
DA:589,1343
BRDA:589,40,0,1
DA:591,0
DA:594,3126
FN:594,OTFEntryExitRouter._isSkipped
FNDA:3126,OTFEntryExitRouter._isSkipped
DA:595,3126
DA:598,4266
FN:598,OTFEntryExitRouter._addToken
FNDA:4266,OTFEntryExitRouter._addToken
DA:599,4266
DA:600,4266
DA:601,7390
BRDA:601,41,0,2111
DA:603,2155
BRDA:603,42,0,0
DA:604,2155
DA:605,2155
DA:608,621
FN:608,OTFEntryExitRouter._prepareLegs
FNDA:621,OTFEntryExitRouter._prepareLegs
DA:614,621
BRDA:614,43,0,1
DA:615,1
DA:617,620
DA:618,904
DA:619,904
DA:620,902
BRDA:620,44,0,2
DA:621,900
DA:622,900
BRDA:622,45,0,0
DA:623,0
DA:625,900
BRDA:625,46,0,0
DA:626,900
BRDA:626,47,0,0
DA:628,900
DA:629,899
DA:630,1
BRDA:630,48,0,1
DA:631,1
DA:636,899
DA:637,899
DA:641,615
FN:641,OTFEntryExitRouter._snapshot
FNDA:615,OTFEntryExitRouter._snapshot
DA:642,615
DA:643,2124
DA:644,2124
DA:648,615
FN:648,OTFEntryExitRouter._executeLegs
FNDA:615,OTFEntryExitRouter._executeLegs
DA:649,615
DA:650,893
DA:651,893
DA:652,893
DA:653,893
BRDA:653,49,0,0
DA:654,0
DA:657,893
DA:658,893
DA:659,893
DA:660,893
DA:662,762
BRDA:662,50,0,0
DA:664,762
DA:665,762
DA:666,762
DA:667,762
DA:668,762
BRDA:668,51,0,1
DA:669,761
BRDA:669,52,0,2
DA:670,759
BRDA:670,53,0,0
DA:671,0
DA:676,251
FN:676,OTFEntryExitRouter._mintMaximum
FNDA:251,OTFEntryExitRouter._mintMaximum
DA:682,251
DA:683,251
DA:684,502
DA:687,251
DA:688,251
DA:689,251
BRDA:689,54,0,0
DA:690,251
BRDA:690,55,0,0
DA:692,251
DA:693,251
DA:694,251
DA:695,502
BRDA:695,56,0,0
DA:696,0
DA:698,502
DA:699,502
DA:700,502
DA:702,251
DA:703,251
DA:704,251
BRDA:704,57,0,0
DA:706,251
DA:707,502
DA:708,502
DA:709,502
DA:710,502
DA:711,502
BRDA:711,58,0,0
DA:712,0
DA:715,251
DA:716,251
DA:717,251
DA:718,251
BRDA:718,59,0,0
DA:719,251
DA:722,221
FN:722,OTFEntryExitRouter._redeemBasket
FNDA:221,OTFEntryExitRouter._redeemBasket
DA:730,221
DA:731,221
DA:732,221
DA:733,442
BRDA:733,60,0,5
DA:734,437
DA:736,221
DA:738,221
BRDA:738,61,0,0
DA:740,221
DA:741,221
DA:742,221
BRDA:742,62,0,0
DA:743,221
DA:744,442
BRDA:744,63,0,0
DA:745,5
BRDA:745,64,0,0
DA:746,5
DA:748,437
DA:749,437
DA:750,437
DA:751,437
BRDA:751,65,0,0
DA:752,0
DA:754,437
BRDA:754,66,0,0
DA:755,0
DA:760,2488
FN:760,OTFEntryExitRouter._transientBalance
FNDA:2488,OTFEntryExitRouter._transientBalance
DA:765,2488
DA:766,2488
DA:767,2488
DA:768,2488
BRDA:768,67,0,0
DA:769,2488
DA:772,3587
FN:772,OTFEntryExitRouter._tokenIndex
FNDA:3587,OTFEntryExitRouter._tokenIndex
DA:777,3587
DA:778,6586
BRDA:778,68,0,3587
DA:780,0
DA:783,592
FN:783,OTFEntryExitRouter._recordDebit
FNDA:592,OTFEntryExitRouter._recordDebit
DA:784,592
DA:787,485
FN:787,OTFEntryExitRouter._recordCredit
FNDA:485,OTFEntryExitRouter._recordCredit
DA:788,485
DA:791,429
FN:791,OTFEntryExitRouter._requireOnlyOutput
FNDA:429,OTFEntryExitRouter._requireOnlyOutput
DA:792,429
DA:793,1275
DA:794,1275
BRDA:794,69,0,428
DA:795,847
DA:796,847
BRDA:796,70,0,1
DA:800,478
FN:800,OTFEntryExitRouter._refundAndClose
FNDA:478,OTFEntryExitRouter._refundAndClose
DA:804,478
DA:805,478
DA:806,478
DA:807,478
DA:808,1577
DA:809,1577
DA:810,1577
DA:811,1577
BRDA:811,71,0,0
DA:812,1577
DA:813,1577
BRDA:813,72,0,22
DA:814,22
DA:815,22
DA:816,22
DA:817,22
DA:818,22
DA:820,1577
DA:821,1577
BRDA:821,73,0,0
DA:824,478
DA:825,1574
DA:826,1574
DA:827,1574
DA:828,1574
BRDA:828,74,0,1
DA:830,477
DA:832,0
DA:833,0
DA:837,22
FN:837,OTFEntryExitRouter._refundAndCloseNativeMint
FNDA:22,OTFEntryExitRouter._refundAndCloseNativeMint
DA:845,22
DA:846,22
DA:847,22
DA:848,22
BRDA:848,75,0,0
DA:849,0
DA:851,22
DA:852,22
BRDA:852,76,0,20
DA:853,20
DA:854,20
DA:856,21
DA:857,21
BRDA:857,77,0,0
DA:859,21
DA:860,21
DA:863,23
FN:863,OTFEntryExitRouter._wrapExact
FNDA:23,OTFEntryExitRouter._wrapExact
DA:864,23
DA:865,23
DA:866,23
DA:867,23
BRDA:867,78,0,0
DA:868,0
DA:872,37
FN:872,OTFEntryExitRouter._sendNative
FNDA:37,OTFEntryExitRouter._sendNative
DA:873,37
DA:874,37
BRDA:874,79,0,2
DA:877,36
FN:877,OTFEntryExitRouter._assertNativeBaseline
FNDA:36,OTFEntryExitRouter._assertNativeBaseline
DA:878,36
DA:879,36
BRDA:879,80,0,0
DA:882,224
FN:882,OTFEntryExitRouter._refundAmount
FNDA:224,OTFEntryExitRouter._refundAmount
DA:887,224
DA:888,12
BRDA:888,81,0,12
DA:892,477
FN:892,OTFEntryExitRouter._assertCallerDeltas
FNDA:477,OTFEntryExitRouter._assertCallerDeltas
DA:893,477
DA:894,1573
DA:895,1573
DA:896,1573
DA:897,1573
DA:898,1573
BRDA:898,82,0,0
DA:899,0
DA:906,371
FN:906,OTFEntryExitRouter._pullExact
FNDA:371,OTFEntryExitRouter._pullExact
DA:907,371
DA:908,371
DA:909,371
DA:910,371
DA:920,1506
FN:920,OTFEntryExitRouter._approveExact
FNDA:1506,OTFEntryExitRouter._approveExact
DA:921,1506
DA:922,1506
DA:923,1506
BRDA:923,83,0,0
DA:926,1127
FN:926,OTFEntryExitRouter._pushExact
FNDA:1127,OTFEntryExitRouter._pushExact
DA:927,1127
DA:928,1127
DA:929,1127
DA:930,1127
DA:940,1498
FN:940,OTFEntryExitRouter._verifyTransfer
FNDA:1498,OTFEntryExitRouter._verifyTransfer
DA:948,1498
DA:949,1498
DA:950,1498
BRDA:950,84,0,0
DA:951,0
FNF:51
FNH:51
LF:425
LH:398
BRF:86
BRH:31
end_of_record
TN:
SF:contracts/src/OTFFactory.sol
DA:48,471
FN:48,OTFFactory.constructor
FNDA:471,OTFFactory.constructor
DA:49,471
BRDA:49,0,0,0
DA:50,471
BRDA:50,1,0,0
DA:51,471
BRDA:51,2,0,0
DA:53,471
DA:54,471
DA:55,471
DA:56,471
DA:59,851
FN:59,OTFFactory.nonReentrantCreation
FNDA:851,OTFFactory.nonReentrantCreation
DA:60,0
BRDA:60,3,0,-
DA:61,851
DA:63,747
DA:67,472
FN:67,OTFFactory.configureEntryExitRouter
FNDA:472,OTFFactory.configureEntryExitRouter
DA:68,472
BRDA:68,4,0,0
DA:69,472
BRDA:69,5,0,1
DA:70,471
BRDA:70,6,0,1
DA:71,471
DA:72,471
BRDA:72,7,0,471
DA:73,471
DA:74,0
BRDA:74,7,1,-
DA:75,0
DA:77,471
BRDA:77,8,0,1
DA:78,1
DA:80,470
DA:81,470
DA:82,470
BRDA:82,9,0,3
DA:83,3
DA:85,467
DA:87,0
DA:89,467
BRDA:89,10,0,0
DA:90,0
DA:92,467
DA:94,0
DA:96,467
BRDA:96,11,0,1
DA:97,1
DA:99,466
DA:100,466
DA:103,200
FN:103,OTFFactory.vaultCount
FNDA:200,OTFFactory.vaultCount
DA:104,200
DA:107,65
FN:107,OTFFactory.vaultAt
FNDA:65,OTFFactory.vaultAt
DA:108,65
DA:111,851
FN:111,OTFFactory.createVault
FNDA:851,OTFFactory.createVault
DA:116,851
BRDA:116,12,0,1
DA:117,850
DA:118,850
DA:120,747
DA:121,747
DA:122,747
DA:125,0
FN:125,OTFFactory.otfTokenURI
FNDA:0,OTFFactory.otfTokenURI
DA:126,0
FNF:7
FNH:6
LF:50
LH:42
BRF:14
BRH:7
end_of_record
TN:
SF:contracts/src/OTFLaunchManager.sol
DA:139,14
FN:139,OTFLaunchManager.constructor
FNDA:14,OTFLaunchManager.constructor
DA:147,14
DA:148,14
DA:149,14
DA:150,14
DA:151,14
DA:152,14
DA:153,14
BRDA:153,0,0,0
DA:154,0
DA:156,14
BRDA:156,1,0,0
DA:157,0
DA:159,14
BRDA:159,2,0,0
DA:160,0
DA:162,14
BRDA:162,3,0,0
DA:163,0
DA:166,14
DA:167,14
DA:168,14
DA:169,14
DA:170,14
DA:171,14
DA:172,14
DA:173,14
DA:174,14
DA:175,14
DA:177,0
BRDA:177,4,0,14
BRDA:177,4,1,-
DA:178,14
DA:179,14
DA:180,14
DA:181,14
DA:183,0
DA:184,0
DA:185,0
DA:186,0
DA:190,130
FN:190,OTFLaunchManager.nonReentrant
FNDA:130,OTFLaunchManager.nonReentrant
DA:191,0
BRDA:191,5,0,-
DA:192,130
DA:194,65
DA:197,211
FN:197,OTFLaunchManager.hookPermissionsValid
FNDA:211,OTFLaunchManager.hookPermissionsValid
DA:198,211
DA:202,0
FN:202,OTFLaunchManager.beforeInitialize
FNDA:0,OTFLaunchManager.beforeInitialize
DA:207,0
BRDA:207,6,0,-
DA:208,0
BRDA:208,7,0,-
DA:209,0
DA:213,467
FN:213,OTFLaunchManager.beforeAddLiquidity
FNDA:467,OTFLaunchManager.beforeAddLiquidity
DA:219,467
BRDA:219,8,0,1
DA:220,466
BRDA:220,9,0,15
DA:221,451
BRDA:221,10,0,0
DA:222,451
BRDA:222,11,0,39
DA:224,415
BRDA:224,12,0,176
BRDA:224,12,1,39
DA:226,176
DA:227,169
DA:228,162
DA:229,39
BRDA:229,13,0,39
DA:230,239
BRDA:230,14,0,105
BRDA:230,14,1,39
DA:232,105
DA:233,98
DA:234,91
DA:235,39
BRDA:235,15,0,39
DA:237,134
DA:239,203
DA:242,208
FN:242,OTFLaunchManager.initializeLaunch
FNDA:208,OTFLaunchManager.initializeLaunch
DA:243,208
BRDA:243,16,0,0
DA:244,208
BRDA:244,17,0,0
DA:245,208
DA:246,208
DA:247,202
BRDA:247,18,0,0
DA:248,0
DA:250,202
DA:251,201
DA:256,201
DA:258,201
DA:259,201
DA:260,0
BRDA:260,19,0,-
DA:261,201
DA:262,201
DA:263,201
DA:264,201
DA:265,201
DA:273,201
DA:274,135
BRDA:274,20,0,0
DA:275,0
DA:277,135
DA:278,135
DA:284,65
FN:284,OTFLaunchManager.afterSwap
FNDA:65,OTFLaunchManager.afterSwap
DA:291,65
BRDA:291,21,0,0
DA:292,65
BRDA:292,22,0,0
DA:293,65
DA:294,65
BRDA:294,23,0,0
DA:295,65
BRDA:295,24,0,0
DA:296,0
DA:298,65
BRDA:298,25,0,0
DA:299,0
DA:301,65
DA:302,65
DA:303,65
BRDA:303,26,0,0
DA:304,0
DA:306,65
BRDA:306,27,0,65
DA:307,65
DA:308,65
DA:309,65
DA:311,65
DA:314,130
FN:314,OTFLaunchManager.finalizeGraduation
FNDA:130,OTFLaunchManager.finalizeGraduation
DA:315,130
BRDA:315,28,0,0
DA:316,0
DA:318,130
DA:319,130
BRDA:319,29,0,0
DA:320,0
DA:322,130
DA:327,130
DA:329,130
DA:330,130
DA:331,0
DA:332,130
DA:333,130
DA:334,130
DA:335,130
DA:336,130
BRDA:336,30,0,0
DA:337,0
DA:339,130
DA:340,130
DA:341,130
DA:342,130
DA:343,130
DA:351,65
DA:352,65
DA:354,65
DA:355,65
DA:356,65
DA:357,0
BRDA:357,31,0,-
DA:359,65
DA:360,65
DA:361,65
DA:362,65
DA:363,65
DA:364,65
DA:365,65
DA:375,0
FN:375,OTFLaunchManager.currentPoolState
FNDA:0,OTFLaunchManager.currentPoolState
DA:376,0
DA:379,0
FN:379,OTFLaunchManager.currentOtfPriceWethWad
FNDA:0,OTFLaunchManager.currentOtfPriceWethWad
DA:380,0
DA:381,0
DA:384,0
FN:384,OTFLaunchManager.initialOtfPriceWethWad
FNDA:0,OTFLaunchManager.initialOtfPriceWethWad
DA:385,0
DA:388,0
FN:388,OTFLaunchManager.finalOtfPriceWethWad
FNDA:0,OTFLaunchManager.finalOtfPriceWethWad
DA:389,0
DA:392,0
FN:392,OTFLaunchManager.currentLaunchReferenceFdvWeth
FNDA:0,OTFLaunchManager.currentLaunchReferenceFdvWeth
DA:393,0
DA:394,0
DA:399,396
FN:399,OTFLaunchManager.bootstrapSqrtPriceBounds
FNDA:396,OTFLaunchManager.bootstrapSqrtPriceBounds
DA:404,396
DA:405,396
DA:408,331
FN:408,OTFLaunchManager.derivedLaunchAmounts
FNDA:331,OTFLaunchManager.derivedLaunchAmounts
DA:418,331
DA:419,331
DA:420,331
DA:421,331
BRDA:421,32,0,331
BRDA:421,32,1,0
DA:422,331
DA:425,331
DA:428,331
DA:431,331
DA:435,0
DA:438,0
DA:441,0
DA:444,0
DA:450,0
FN:450,OTFLaunchManager.bootstrapProgress
FNDA:0,OTFLaunchManager.bootstrapProgress
DA:455,0
BRDA:455,33,0,-
DA:456,0
BRDA:456,34,0,-
DA:457,0
DA:459,0
DA:460,0
DA:461,0
DA:462,0
DA:465,0
DA:466,0
BRDA:466,35,0,-
BRDA:466,35,1,-
DA:467,0
DA:473,0
DA:479,0
DA:480,0
DA:481,0
DA:482,0
BRDA:482,36,0,-
BRDA:482,36,1,-
DA:483,0
DA:486,0
BRDA:486,37,0,-
BRDA:486,37,1,-
DA:487,0
DA:490,0
DA:494,0
DA:498,0
DA:499,0
BRDA:499,38,0,-
DA:500,0
DA:501,0
DA:504,0
FN:504,OTFLaunchManager.lockedDustBalances
FNDA:0,OTFLaunchManager.lockedDustBalances
DA:505,0
DA:506,0
DA:509,331
FN:509,OTFLaunchManager._mintPosition
FNDA:331,OTFLaunchManager._mintPosition
DA:516,331
DA:517,331
DA:518,331
DA:519,331
DA:520,331
DA:533,331
DA:534,331
DA:539,200
DA:540,200
DA:543,130
FN:543,OTFLaunchManager._burnBootstrapPosition
FNDA:130,OTFLaunchManager._burnBootstrapPosition
DA:544,130
DA:545,130
DA:546,130
DA:547,130
DA:554,1062
FN:554,OTFLaunchManager._setPositionManagerAllowance
FNDA:1062,OTFLaunchManager._setPositionManagerAllowance
DA:555,1062
BRDA:555,39,0,0
DA:556,0
DA:558,1062
BRDA:558,40,0,0
DA:559,0
DA:563,1062
DA:564,1062
DA:570,531
FN:570,OTFLaunchManager._poolId
FNDA:531,OTFLaunchManager._poolId
DA:571,531
DA:572,531
DA:575,84
FN:575,OTFLaunchManager._requireContract
FNDA:84,OTFLaunchManager._requireContract
DA:576,84
BRDA:576,41,0,0
DA:577,84
BRDA:577,42,0,0
FNF:22
FNH:14
LF:221
LH:150
BRF:50
BRH:12
end_of_record
TN:
SF:contracts/src/OTFLaunchManagerDeployer.sol
DA:10,0
FN:10,OTFLaunchManagerDeployer.deploy
FNDA:0,OTFLaunchManagerDeployer.deploy
DA:19,0
DA:22,0
FNF:1
FNH:0
LF:3
LH:0
BRF:0
BRH:0
end_of_record
TN:
SF:contracts/src/OTFLaunchRouter.sol
DA:75,0
FN:75,OTFLaunchRouter.constructor
FNDA:0,OTFLaunchRouter.constructor
DA:76,0
BRDA:76,0,0,-
DA:77,0
BRDA:77,1,0,-
DA:78,0
DA:79,0
DA:80,0
DA:81,0
DA:82,0
BRDA:82,2,0,-
DA:83,0
BRDA:83,3,0,-
DA:84,0
BRDA:84,4,0,-
DA:85,0
DA:86,0
DA:87,0
DA:89,0
DA:90,0
DA:91,0
BRDA:91,5,0,-
DA:93,0
DA:94,0
DA:95,0
DA:96,0
DA:97,0
DA:98,0
DA:101,0
FN:101,OTFLaunchRouter.nonReentrant
FNDA:0,OTFLaunchRouter.nonReentrant
DA:102,0
BRDA:102,6,0,-
DA:103,0
DA:105,0
DA:108,0
FN:108,OTFLaunchRouter.receive
FNDA:0,OTFLaunchRouter.receive
DA:109,0
BRDA:109,7,0,-
DA:112,0
FN:112,OTFLaunchRouter.buyOtfWithWeth
FNDA:0,OTFLaunchRouter.buyOtfWithWeth
DA:118,0
DA:126,0
FN:126,OTFLaunchRouter.buyOtfWithEth
FNDA:0,OTFLaunchRouter.buyOtfWithEth
DA:132,0
DA:136,0
DA:137,0
BRDA:137,8,0,-
DA:138,0
DA:139,0
BRDA:139,9,0,-
DA:143,0
FN:143,OTFLaunchRouter.sellOtfForWeth
FNDA:0,OTFLaunchRouter.sellOtfForWeth
DA:149,0
DA:157,0
FN:157,OTFLaunchRouter.sellOtfForEth
FNDA:0,OTFLaunchRouter.sellOtfForEth
DA:163,0
DA:171,0
FN:171,OTFLaunchRouter.unlockCallback
FNDA:0,OTFLaunchRouter.unlockCallback
DA:172,0
BRDA:172,10,0,-
DA:173,0
DA:174,0
DA:175,0
DA:176,0
BRDA:176,11,0,-
BRDA:176,11,1,-
DA:177,0
DA:179,0
DA:180,0
DA:181,0
DA:184,0
DA:194,0
DA:195,0
DA:196,0
DA:197,0
BRDA:197,12,0,-
DA:200,0
DA:203,0
DA:204,0
BRDA:204,13,0,-
DA:205,0
DA:208,0
DA:209,0
DA:210,0
DA:211,0
BRDA:211,14,0,-
BRDA:211,14,1,-
DA:212,0
DA:213,0
DA:215,0
DA:217,0
DA:218,0
DA:222,0
DA:225,0
FN:225,OTFLaunchRouter._swap
FNDA:0,OTFLaunchRouter._swap
DA:231,0
BRDA:231,15,0,-
DA:232,0
BRDA:232,16,0,-
DA:234,0
DA:235,0
DA:236,0
BRDA:236,17,0,-
DA:237,0
DA:239,0
DA:240,0
BRDA:240,18,0,-
DA:241,0
DA:244,0
BRDA:244,19,0,-
DA:245,0
DA:247,0
BRDA:247,20,0,-
DA:248,0
DA:249,0
DA:250,0
BRDA:250,21,0,-
DA:252,0
DA:255,0
FN:255,OTFLaunchRouter._unpackDelta
FNDA:0,OTFLaunchRouter._unpackDelta
DA:257,0
DA:258,0
FNF:10
FNH:0
LF:89
LH:0
BRF:24
BRH:0
end_of_record
TN:
SF:contracts/src/OTFToken.sol
DA:15,121
FN:15,OTFToken.constructor
FNDA:121,OTFToken.constructor
DA:16,121
BRDA:16,0,0,0
DA:18,121
DA:22,0
FN:22,OTFToken.tokenURI
FNDA:0,OTFToken.tokenURI
DA:23,0
FNF:2
FNH:1
LF:5
LH:3
BRF:1
BRH:0
end_of_record
TN:
SF:contracts/src/TeamMarketCapVesting.sol
DA:63,81
FN:63,TeamMarketCapVesting.constructor
FNDA:81,TeamMarketCapVesting.constructor
DA:69,81
DA:70,81
DA:71,81
BRDA:71,0,0,0
DA:72,81
BRDA:72,1,0,0
DA:74,81
DA:75,81
DA:76,81
DA:77,81
DA:78,81
DA:79,81
DA:80,81
BRDA:80,2,0,0
DA:82,81
DA:83,81
DA:84,81
DA:85,81
DA:86,81
DA:87,81
DA:88,81
DA:91,782
FN:91,TeamMarketCapVesting.initiateBeneficiaryTransfer
FNDA:782,TeamMarketCapVesting.initiateBeneficiaryTransfer
DA:92,782
BRDA:92,3,0,2
DA:93,780
BRDA:93,4,0,1
DA:94,779
DA:95,779
DA:98,376
FN:98,TeamMarketCapVesting.cancelBeneficiaryTransfer
FNDA:376,TeamMarketCapVesting.cancelBeneficiaryTransfer
DA:99,376
BRDA:99,5,0,1
DA:100,375
DA:101,375
BRDA:101,6,0,0
DA:102,375
DA:103,375
DA:106,775
FN:106,TeamMarketCapVesting.acceptBeneficiaryTransfer
FNDA:775,TeamMarketCapVesting.acceptBeneficiaryTransfer
DA:107,775
BRDA:107,7,0,376
DA:108,399
DA:109,399
DA:110,399
DA:111,399
DA:114,2347
FN:114,TeamMarketCapVesting.currentOtfPriceWethWad
FNDA:2347,TeamMarketCapVesting.currentOtfPriceWethWad
DA:115,2347
DA:116,2347
DA:119,2351
FN:119,TeamMarketCapVesting.oracleStatus
FNDA:2351,TeamMarketCapVesting.oracleStatus
DA:124,2351
DA:125,2351
DA:126,2351
BRDA:126,8,0,2
DA:129,2349
BRDA:129,9,0,377
DA:130,377
DA:132,1972
DA:133,1972
BRDA:133,10,0,393
DA:134,1579
DA:137,1579
DA:140,2351
FN:140,TeamMarketCapVesting.liveFdvUsdWad
FNDA:2351,TeamMarketCapVesting.liveFdvUsdWad
DA:141,2351
DA:142,1579
DA:143,1579
DA:144,1579
DA:147,2345
FN:147,TeamMarketCapVesting.checkpoint
FNDA:2345,TeamMarketCapVesting.checkpoint
DA:148,2345
BRDA:148,11,0,770
DA:149,1575
DA:150,807
DA:151,807
BRDA:151,12,0,331
DA:152,807
DA:153,807
BRDA:153,13,0,125
DA:154,1575
DA:155,807
DA:158,862
FN:158,TeamMarketCapVesting.claimable
FNDA:862,TeamMarketCapVesting.claimable
DA:159,862
DA:162,491
FN:162,TeamMarketCapVesting.claim
FNDA:491,TeamMarketCapVesting.claim
DA:163,491
BRDA:163,14,0,398
DA:164,93
DA:165,93
BRDA:165,15,0,1
DA:166,92
DA:167,92
DA:168,92
DA:171,0
FN:171,TeamMarketCapVesting.nextMilestone
FNDA:0,TeamMarketCapVesting.nextMilestone
DA:176,0
DA:177,0
BRDA:177,16,0,-
DA:178,0
DA:179,0
DA:180,0
DA:181,0
DA:182,0
BRDA:182,17,0,-
DA:183,0
DA:185,0
BRDA:185,18,0,-
DA:188,324
FN:188,TeamMarketCapVesting._requireContract
FNDA:324,TeamMarketCapVesting._requireContract
DA:189,324
BRDA:189,19,0,0
DA:190,324
BRDA:190,20,0,0
FNF:12
FNH:11
LF:85
LH:75
BRF:21
BRH:12
end_of_record
TN:
SF:contracts/src/UniswapV3Adapter.sol
DA:38,45
FN:38,UniswapV3Adapter.constructor
FNDA:45,UniswapV3Adapter.constructor
DA:39,45
DA:40,45
DA:41,45
DA:42,45
DA:43,45
BRDA:43,0,0,1
DA:44,1
DA:46,44
DA:47,44
DA:48,44
DA:51,400
FN:51,UniswapV3Adapter.onlyEntryExitRouter
FNDA:400,UniswapV3Adapter.onlyEntryExitRouter
DA:52,400
BRDA:52,1,0,1
DA:56,399
FN:56,UniswapV3Adapter.nonReentrant
FNDA:399,UniswapV3Adapter.nonReentrant
DA:57,0
BRDA:57,2,0,-
DA:58,399
DA:60,261
DA:63,399
FN:63,UniswapV3Adapter.executeSwap
FNDA:399,UniswapV3Adapter.executeSwap
DA:70,399
DA:71,399
DA:72,399
BRDA:72,3,0,64
DA:73,335
DA:74,329
DA:75,329
BRDA:75,4,0,1
DA:76,1
DA:79,328
DA:80,328
BRDA:80,5,0,1
DA:81,328
DA:82,328
DA:83,328
DA:85,328
DA:86,328
DA:87,328
DA:96,263
DA:98,263
DA:99,263
BRDA:99,6,0,1
DA:100,1
DA:101,1
DA:103,262
DA:104,262
BRDA:104,7,0,0
DA:105,0
DA:107,262
DA:108,262
DA:110,262
BRDA:110,8,0,1
DA:111,261
BRDA:111,9,0,0
DA:114,335
FN:114,UniswapV3Adapter._validatePath
FNDA:335,UniswapV3Adapter._validatePath
DA:115,335
DA:116,335
BRDA:116,10,0,1
DA:117,334
BRDA:117,11,0,1
DA:119,333
DA:120,332
DA:121,1
BRDA:121,12,0,1
DA:122,1
DA:124,455
DA:125,458
DA:126,458
DA:127,458
DA:128,458
BRDA:128,13,0,1
DA:129,1
DA:131,457
DA:135,457
FN:135,UniswapV3Adapter._authenticatePool
FNDA:457,UniswapV3Adapter._authenticatePool
DA:136,457
DA:137,457
DA:138,457
DA:139,457
BRDA:139,14,0,1
DA:140,1
DA:142,456
DA:144,456
DA:145,455
DA:146,1
BRDA:146,15,0,1
DA:147,1
DA:151,919
FN:151,UniswapV3Adapter._approveExact
FNDA:919,UniswapV3Adapter._approveExact
DA:152,919
DA:153,919
DA:154,919
BRDA:154,16,0,0
DA:157,933
FN:157,UniswapV3Adapter._requireContract
FNDA:933,UniswapV3Adapter._requireContract
DA:158,933
BRDA:158,17,0,0
DA:159,933
BRDA:159,18,0,0
FNF:8
FNH:8
LF:77
LH:75
BRF:19
BRH:13
end_of_record
TN:
SF:contracts/src/UniswapV4Adapter.sol
DA:67,10
FN:67,UniswapV4Adapter.constructor
FNDA:10,UniswapV4Adapter.constructor
DA:74,10
DA:75,10
DA:76,10
DA:77,10
DA:78,10
DA:79,10
DA:82,8
DA:83,8
DA:84,8
DA:85,8
DA:86,8
DA:89,396
FN:89,UniswapV4Adapter.onlyEntryExitRouter
FNDA:396,UniswapV4Adapter.onlyEntryExitRouter
DA:90,396
BRDA:90,0,0,1
DA:94,395
FN:94,UniswapV4Adapter.nonReentrant
FNDA:395,UniswapV4Adapter.nonReentrant
DA:95,0
BRDA:95,1,0,-
DA:96,395
DA:98,259
DA:101,395
FN:101,UniswapV4Adapter.executeSwap
FNDA:395,UniswapV4Adapter.executeSwap
DA:108,395
DA:109,395
DA:111,395
DA:112,395
DA:113,64
BRDA:113,2,0,64
DA:114,64
DA:116,331
DA:117,331
DA:118,325
DA:122,325
DA:123,325
BRDA:123,3,0,1
DA:124,325
DA:125,325
DA:127,325
DA:128,325
DA:131,325
DA:134,325
DA:136,325
DA:138,325
DA:139,325
DA:140,325
DA:141,260
DA:142,260
DA:144,260
DA:145,260
DA:146,260
BRDA:146,4,0,1
DA:147,259
DA:148,259
DA:151,259
BRDA:151,5,0,0
DA:153,259
DA:154,259
DA:155,259
BRDA:155,6,0,0
DA:156,0
DA:158,259
DA:159,259
DA:160,259
DA:161,259
BRDA:161,7,0,0
DA:164,325
FN:164,UniswapV4Adapter._executeExactInput
FNDA:325,UniswapV4Adapter._executeExactInput
DA:171,325
DA:172,325
DA:181,325
DA:182,325
DA:184,325
DA:185,325
DA:190,325
DA:194,331
FN:194,UniswapV4Adapter._validatePath
FNDA:331,UniswapV4Adapter._validatePath
DA:195,331
DA:196,331
BRDA:196,8,0,1
DA:197,330
BRDA:197,9,0,1
DA:199,329
DA:200,329
DA:201,453
DA:202,453
DA:204,453
DA:205,452
DA:206,453
DA:207,1
BRDA:207,10,0,1
DA:208,1
DA:210,452
DA:211,452
BRDA:211,11,0,1
DA:212,1
DA:214,451
DA:215,451
DA:216,451
BRDA:216,12,0,1
DA:217,450
DA:219,326
BRDA:219,13,0,1
DA:222,451
FN:222,UniswapV4Adapter._poolId
FNDA:451,UniswapV4Adapter._poolId
DA:227,451
DA:228,451
DA:229,451
DA:232,335
FN:232,UniswapV4Adapter._requirePoolManagerBindings
FNDA:335,UniswapV4Adapter._requirePoolManagerBindings
DA:237,335
DA:238,335
BRDA:238,14,0,1
DA:239,1
DA:241,334
DA:242,334
BRDA:242,15,0,1
DA:243,1
DA:247,910
FN:247,UniswapV4Adapter._approveExact
FNDA:910,UniswapV4Adapter._approveExact
DA:248,910
DA:249,910
DA:250,910
BRDA:250,16,0,0
DA:253,585
FN:253,UniswapV4Adapter._approvePermit2
FNDA:585,UniswapV4Adapter._approvePermit2
DA:256,585
DA:259,585
BRDA:259,17,0,260
DA:260,585
DA:261,585
DA:262,585
BRDA:262,18,0,0
DA:263,0
DA:269,1292
FN:269,UniswapV4Adapter._requireContract
FNDA:1292,UniswapV4Adapter._requireContract
DA:270,1292
BRDA:270,19,0,0
DA:271,1292
BRDA:271,20,0,0
FNF:11
FNH:11
LF:110
LH:107
BRF:21
BRH:13
end_of_record
TN:
SF:contracts/src/libraries/FeeGrowthMath.sol
DA:21,7370
FN:21,FeeGrowthMath.expenseDilutionGrowthWad
FNDA:7370,FeeGrowthMath.expenseDilutionGrowthWad
DA:26,7370
BRDA:26,0,0,0
DA:27,0
DA:29,7370
DA:30,7370
DA:31,7370
DA:32,7370
DA:36,7370
DA:38,7370
DA:39,7370
DA:42,7370
DA:46,7370
FN:46,FeeGrowthMath.powWad
FNDA:7370,FeeGrowthMath.powWad
DA:47,7370
DA:51,7370
FN:51,FeeGrowthMath.expWad
FNDA:7370,FeeGrowthMath.expWad
DA:53,7370
BRDA:53,1,0,0
DA:54,7370
BRDA:54,2,0,64
DA:56,7306
DA:57,7306
DA:58,7306
DA:60,7306
DA:61,7306
DA:62,7306
DA:63,7306
DA:64,7306
DA:66,7306
DA:67,7306
DA:68,7306
DA:69,7306
DA:70,7306
DA:71,7306
DA:74,0
DA:78,0
DA:84,7370
FN:84,FeeGrowthMath.lnWad
FNDA:7370,FeeGrowthMath.lnWad
DA:86,0
DA:87,0
DA:88,0
DA:89,0
DA:90,0
DA:91,0
BRDA:91,3,0,-
DA:92,0
DA:93,0
DA:96,0
DA:99,0
DA:102,0
DA:107,0
DA:108,0
DA:109,0
DA:111,0
DA:112,0
DA:113,0
DA:114,0
DA:115,0
DA:116,0
DA:117,0
DA:119,0
DA:120,0
DA:122,0
DA:124,0
DA:125,0
FNF:4
FNH:4
LF:59
LH:30
BRF:4
BRH:1
end_of_record
TN:
SF:contracts/src/libraries/OTFMetadata.sol
DA:11,0
FN:11,OTFMetadata.protocolTokenURI
FNDA:0,OTFMetadata.protocolTokenURI
DA:12,0
DA:17,0
FN:17,OTFMetadata.shareTokenURI
FNDA:0,OTFMetadata.shareTokenURI
DA:18,0
DA:23,0
FN:23,OTFMetadata._tokenURI
FNDA:0,OTFMetadata._tokenURI
DA:28,0
DA:31,0
DA:40,0
FNF:3
FNH:0
LF:8
LH:0
BRF:0
BRH:0
end_of_record
TN:
SF:contracts/src/libraries/SafeTransferLib.sol
DA:11,7621
FN:11,SafeTransferLib.safeTransfer
FNDA:7621,SafeTransferLib.safeTransfer
DA:12,7621
DA:13,7621
DA:14,7621
BRDA:14,0,0,0
DA:15,0
DA:19,6097
FN:19,SafeTransferLib.safeTransferFrom
FNDA:6097,SafeTransferLib.safeTransferFrom
DA:20,6097
DA:21,6097
DA:22,6097
BRDA:22,1,0,6
DA:23,6
DA:27,3335
FN:27,SafeTransferLib.safeApprove
FNDA:3335,SafeTransferLib.safeApprove
DA:28,3335
DA:29,3335
DA:30,3335
BRDA:30,2,0,0
DA:31,0
FNF:3
FNH:3
LF:15
LH:13
BRF:3
BRH:1
end_of_record
TN:
SF:contracts/src/libraries/UniswapV3Path.sol
DA:10,335
FN:10,UniswapV3Path.hopCount
FNDA:335,UniswapV3Path.hopCount
DA:11,335
BRDA:11,0,0,1
DA:12,1
DA:14,334
DA:17,1581
FN:17,UniswapV3Path.tokenAt
FNDA:1581,UniswapV3Path.tokenAt
DA:18,1581
DA:20,0
DA:24,458
FN:24,UniswapV3Path.feeAt
FNDA:458,UniswapV3Path.feeAt
DA:25,458
DA:27,0
FNF:3
FNH:3
LF:10
LH:8
BRF:1
BRH:1
end_of_record
TN:
SF:contracts/src/libraries/V4PriceMath.sol
DA:13,2347
FN:13,V4PriceMath.otfPriceWethWad
FNDA:2347,V4PriceMath.otfPriceWethWad
DA:18,2347
BRDA:18,0,0,0
DA:19,978
BRDA:19,1,0,978
DA:20,978
DA:22,1369
DA:23,1369
FNF:1
FNH:1
LF:6
LH:6
BRF:2
BRH:1
end_of_record
