TN:
SF:contracts/src/BuybackCollector.sol
DA:115,0
FN:115,BuybackCollector.constructor
FNDA:0,BuybackCollector.constructor
DA:116,0
DA:117,0
DA:118,0
DA:119,0
DA:120,0
DA:121,0
DA:122,0
DA:123,0
DA:124,0
DA:125,0
DA:126,0
BRDA:126,0,0,-
DA:127,0
DA:129,0
DA:130,0
DA:131,0
DA:132,0
DA:133,0
DA:134,0
DA:135,0
DA:138,0
FN:138,BuybackCollector.nonReentrant
FNDA:0,BuybackCollector.nonReentrant
DA:139,0
BRDA:139,1,0,-
DA:140,0
DA:142,0
DA:145,0
FN:145,BuybackCollector.configureFactory
FNDA:0,BuybackCollector.configureFactory
DA:146,0
BRDA:146,2,0,-
DA:147,0
DA:149,0
BRDA:149,3,0,-
DA:150,0
DA:151,0
DA:152,0
BRDA:152,4,0,-
DA:153,0
DA:154,0
BRDA:154,4,1,-
DA:155,0
DA:157,0
BRDA:157,5,0,-
DA:158,0
DA:159,0
DA:162,0
FN:162,BuybackCollector.recordFeeShares
FNDA:0,BuybackCollector.recordFeeShares
DA:163,0
DA:164,0
DA:165,0
BRDA:165,6,0,-
DA:166,0
DA:168,0
BRDA:168,7,0,-
DA:169,0
DA:170,0
DA:171,0
DA:180,0
FN:180,BuybackCollector.settleFeesViaRedemption
FNDA:0,BuybackCollector.settleFeesViaRedemption
DA:189,0
DA:190,0
DA:191,0
DA:192,0
DA:194,0
DA:195,0
DA:196,0
DA:209,0
DA:210,0
DA:211,0
DA:214,0
FN:214,BuybackCollector.settleFeesViaShareSale
FNDA:0,BuybackCollector.settleFeesViaShareSale
DA:221,0
DA:222,0
DA:223,0
DA:224,0
DA:226,0
DA:227,0
DA:228,0
DA:238,0
DA:239,0
DA:240,0
DA:243,0
FN:243,BuybackCollector._consumePending
FNDA:0,BuybackCollector._consumePending
DA:249,0
BRDA:249,8,0,-
DA:251,0
DA:252,0
DA:253,0
BRDA:253,9,0,-
DA:254,0
DA:256,0
DA:257,0
BRDA:257,10,0,-
DA:258,0
DA:259,0
BRDA:259,11,0,-
DA:260,0
BRDA:260,12,0,-
DA:261,0
DA:264,0
DA:265,0
DA:266,0
DA:267,0
DA:268,0
BRDA:268,13,0,-
DA:269,0
DA:270,0
DA:273,0
FN:273,BuybackCollector._validateLegs
FNDA:0,BuybackCollector._validateLegs
DA:277,0
DA:278,0
DA:279,0
BRDA:279,14,0,-
DA:280,0
DA:283,0
DA:284,0
DA:285,0
DA:286,0
BRDA:286,15,0,-
DA:287,0
DA:292,0
FN:292,BuybackCollector._checkWethOutput
FNDA:0,BuybackCollector._checkWethOutput
DA:297,0
DA:298,0
DA:299,0
BRDA:299,16,0,-
DA:300,0
DA:302,0
BRDA:302,17,0,-
DA:305,0
FN:305,BuybackCollector._finishSettlement
FNDA:0,BuybackCollector._finishSettlement
DA:313,0
DA:316,0
DA:317,0
BRDA:317,18,0,-
DA:318,0
DA:319,0
DA:320,0
DA:321,0
DA:322,0
DA:323,0
BRDA:323,19,0,-
DA:324,0
DA:326,0
DA:338,0
FN:338,BuybackCollector._buyOtf
FNDA:0,BuybackCollector._buyOtf
DA:342,0
BRDA:342,20,0,-
DA:343,0
DA:345,0
DA:346,0
DA:347,0
DA:350,0
DA:351,0
DA:354,0
DA:355,0
DA:356,0
DA:357,0
DA:369,0
DA:370,0
DA:371,0
DA:372,0
DA:375,0
DA:378,0
DA:379,0
DA:380,0
DA:381,0
DA:382,0
BRDA:382,21,0,-
DA:383,0
DA:385,0
DA:386,0
DA:387,0
BRDA:387,22,0,-
DA:388,0
DA:392,0
FN:392,BuybackCollector._approveExact
FNDA:0,BuybackCollector._approveExact
DA:393,0
BRDA:393,23,0,-
DA:394,0
DA:396,0
DA:397,0
BRDA:397,24,0,-
DA:400,0
FN:400,BuybackCollector._pushExact
FNDA:0,BuybackCollector._pushExact
DA:401,0
DA:402,0
DA:403,0
DA:404,0
DA:405,0
DA:406,0
DA:407,0
DA:408,0
BRDA:408,25,0,-
DA:409,0
DA:413,0
FN:413,BuybackCollector._isFactoryVault
FNDA:0,BuybackCollector._isFactoryVault
DA:414,0
DA:415,0
DA:416,0
DA:419,0
FN:419,BuybackCollector._entryExitRouter
FNDA:0,BuybackCollector._entryExitRouter
DA:420,0
DA:421,0
BRDA:421,26,0,-
DA:422,0
DA:425,0
FN:425,BuybackCollector._requireContract
FNDA:0,BuybackCollector._requireContract
DA:426,0
BRDA:426,27,0,-
DA:427,0
BRDA:427,28,0,-
FNF:16
FNH:0
LF:168
LH:0
BRF:30
BRH:0
end_of_record
TN:
SF:contracts/src/ManagedOTFVault.sol
DA:21,0
FN:21,ManagedOTFVault.constructor
FNDA:0,ManagedOTFVault.constructor
DA:23,0
DA:27,0
FN:27,ManagedOTFVault.initialize
FNDA:0,ManagedOTFVault.initialize
DA:32,0
BRDA:32,0,0,-
DA:33,0
DA:34,0
DA:35,0
DA:36,0
DA:39,0
DA:40,0
DA:41,0
DA:42,0
BRDA:42,1,0,-
DA:43,0
BRDA:43,2,0,-
DA:44,0
DA:46,0
DA:47,0
DA:48,0
BRDA:48,3,0,-
DA:49,0
BRDA:49,4,0,-
DA:50,0
DA:52,0
BRDA:52,5,0,-
DA:53,0
DA:55,0
BRDA:55,6,0,-
DA:56,0
DA:58,0
BRDA:58,7,0,-
DA:59,0
DA:60,0
BRDA:60,8,0,-
DA:61,0
DA:63,0
BRDA:63,9,0,-
DA:64,0
DA:66,0
BRDA:66,10,0,-
DA:67,0
DA:70,0
DA:72,0
BRDA:72,11,0,-
DA:73,0
DA:78,0
BRDA:78,12,0,-
DA:79,0
DA:81,0
BRDA:81,13,0,-
DA:82,0
DA:84,0
DA:85,0
DA:86,0
DA:87,0
DA:88,0
DA:89,0
DA:90,0
DA:91,0
DA:92,0
DA:93,0
DA:94,0
DA:96,0
DA:97,0
DA:98,0
BRDA:98,14,0,-
DA:99,0
DA:101,0
BRDA:101,15,0,-
DA:102,0
DA:103,0
BRDA:103,16,0,-
DA:104,0
DA:105,0
DA:108,0
DA:109,0
DA:110,0
DA:111,0
DA:116,0
FN:116,ManagedOTFVault.assets
FNDA:0,ManagedOTFVault.assets
DA:117,0
DA:120,0
FN:120,ManagedOTFVault.factory
FNDA:0,ManagedOTFVault.factory
DA:121,0
DA:124,0
FN:124,ManagedOTFVault.creator
FNDA:0,ManagedOTFVault.creator
DA:125,0
DA:128,0
FN:128,ManagedOTFVault._validateVaultMetadata
FNDA:0,ManagedOTFVault._validateVaultMetadata
DA:129,0
BRDA:129,17,0,-
DA:130,0
DA:131,0
BRDA:131,18,0,-
DA:134,0
DA:136,0
DA:137,0
DA:138,0
BRDA:138,19,0,-
DA:139,0
DA:140,0
BRDA:140,20,0,-
DA:142,0
DA:145,0
FN:145,ManagedOTFVault._isAsciiAlphanumeric
FNDA:0,ManagedOTFVault._isAsciiAlphanumeric
DA:146,0
DA:150,0
FN:150,ManagedOTFVault.fundThesis
FNDA:0,ManagedOTFVault.fundThesis
DA:151,0
DA:154,0
FN:154,ManagedOTFVault.expenseBeneficiary
FNDA:0,ManagedOTFVault.expenseBeneficiary
DA:155,0
DA:158,0
FN:158,ManagedOTFVault.buybackCollector
FNDA:0,ManagedOTFVault.buybackCollector
DA:159,0
DA:162,0
FN:162,ManagedOTFVault.entryExitRouter
FNDA:0,ManagedOTFVault.entryExitRouter
DA:163,0
DA:166,0
FN:166,ManagedOTFVault.annualCreatorExpenseRatioBps
FNDA:0,ManagedOTFVault.annualCreatorExpenseRatioBps
DA:167,0
DA:170,0
FN:170,ManagedOTFVault.mintFeeBps
FNDA:0,ManagedOTFVault.mintFeeBps
DA:171,0
DA:174,0
FN:174,ManagedOTFVault.redeemFeeBps
FNDA:0,ManagedOTFVault.redeemFeeBps
DA:175,0
DA:178,0
FN:178,ManagedOTFVault.otfToken
FNDA:0,ManagedOTFVault.otfToken
DA:179,0
DA:182,0
FN:182,ManagedOTFVault.bootstrapBasketUnitsPerOTF
FNDA:0,ManagedOTFVault.bootstrapBasketUnitsPerOTF
DA:183,0
DA:186,0
FN:186,ManagedOTFVault.bootstrapBasketUnits
FNDA:0,ManagedOTFVault.bootstrapBasketUnits
DA:187,0
DA:188,0
DA:189,0
DA:190,0
DA:194,0
FN:194,ManagedOTFVault.accountedBalance
FNDA:0,ManagedOTFVault.accountedBalance
DA:195,0
DA:198,0
FN:198,ManagedOTFVault.accountedBalances
FNDA:0,ManagedOTFVault.accountedBalances
DA:199,0
DA:200,0
DA:201,0
DA:202,0
DA:206,0
FN:206,ManagedOTFVault.shutdown
FNDA:0,ManagedOTFVault.shutdown
DA:207,0
DA:210,0
FN:210,ManagedOTFVault.shutdownAt
FNDA:0,ManagedOTFVault.shutdownAt
DA:211,0
DA:214,0
FN:214,ManagedOTFVault.lastFeeCheckpointTimestamp
FNDA:0,ManagedOTFVault.lastFeeCheckpointTimestamp
DA:215,0
DA:218,0
FN:218,ManagedOTFVault.feeShareRemainderWad
FNDA:0,ManagedOTFVault.feeShareRemainderWad
DA:219,0
DA:220,0
DA:224,0
FN:224,ManagedOTFVault.tokenURI
FNDA:0,ManagedOTFVault.tokenURI
DA:225,0
DA:229,0
FN:229,ManagedOTFVault.backingIsSound
FNDA:0,ManagedOTFVault.backingIsSound
DA:230,0
DA:231,0
DA:232,0
DA:233,0
BRDA:233,21,0,-
DA:234,0
BRDA:234,22,0,-
DA:235,0
BRDA:235,21,1,-
DA:236,0
DA:239,0
DA:244,0
FN:244,ManagedOTFVault.pendingExpenseFeeShares
FNDA:0,ManagedOTFVault.pendingExpenseFeeShares
DA:245,0
BRDA:245,23,0,-
DA:246,0
DA:247,0
BRDA:247,24,0,-
DA:248,0
DA:252,0
FN:252,ManagedOTFVault.previewExpenseFees
FNDA:0,ManagedOTFVault.previewExpenseFees
DA:262,0
DA:263,0
DA:264,0
DA:268,0
FN:268,ManagedOTFVault.feeCreatorShareBps
FNDA:0,ManagedOTFVault.feeCreatorShareBps
DA:269,0
DA:270,0
DA:273,0
DA:274,0
DA:275,0
DA:278,0
FN:278,ManagedOTFVault.checkpointFees
FNDA:0,ManagedOTFVault.checkpointFees
DA:284,0
DA:289,0
FN:289,ManagedOTFVault.previewMint
FNDA:0,ManagedOTFVault.previewMint
DA:290,0
BRDA:290,25,0,-
DA:291,0
DA:292,0
BRDA:292,26,0,-
DA:293,0
DA:295,0
DA:298,0
FN:298,ManagedOTFVault.previewMintFee
FNDA:0,ManagedOTFVault.previewMintFee
DA:309,0
BRDA:309,27,0,-
DA:310,0
DA:311,0
DA:312,0
DA:313,0
DA:316,0
FN:316,ManagedOTFVault.previewMaxMint
FNDA:0,ManagedOTFVault.previewMaxMint
DA:321,0
DA:322,0
BRDA:322,28,0,-
DA:323,0
DA:325,0
DA:326,0
DA:327,0
DA:328,0
DA:329,0
DA:330,0
DA:333,0
BRDA:333,29,0,-
DA:334,0
DA:335,0
DA:336,0
BRDA:336,30,0,-
DA:338,0
BRDA:338,31,0,-
DA:339,0
DA:340,0
BRDA:340,32,0,-
DA:341,0
BRDA:341,33,0,-
DA:342,0
DA:345,0
FN:345,ManagedOTFVault.previewRedeem
FNDA:0,ManagedOTFVault.previewRedeem
DA:350,0
BRDA:350,34,0,-
DA:351,0
DA:352,0
BRDA:352,35,0,-
DA:353,0
DA:354,0
DA:355,0
BRDA:355,36,0,-
DA:356,0
DA:364,0
FN:364,ManagedOTFVault.previewRedeemFee
FNDA:0,ManagedOTFVault.previewRedeemFee
DA:375,0
BRDA:375,37,0,-
DA:376,0
DA:377,0
DA:378,0
DA:379,0
DA:382,0
FN:382,ManagedOTFVault.routerMint
FNDA:0,ManagedOTFVault.routerMint
DA:389,0
BRDA:389,38,0,-
DA:390,0
BRDA:390,39,0,-
DA:391,0
BRDA:391,40,0,-
DA:392,0
BRDA:392,41,0,-
DA:393,0
DA:394,0
BRDA:394,42,0,-
DA:395,0
DA:398,0
DA:399,0
DA:400,0
DA:401,0
BRDA:401,43,0,-
DA:402,0
DA:404,0
DA:405,0
DA:406,0
DA:407,0
DA:408,0
DA:409,0
DA:410,0
DA:411,0
BRDA:411,44,0,-
DA:412,0
DA:413,0
DA:415,0
DA:416,0
DA:417,0
DA:418,0
DA:419,0
DA:420,0
DA:421,0
DA:422,0
DA:425,0
FN:425,ManagedOTFVault.routerRedeem
FNDA:0,ManagedOTFVault.routerRedeem
DA:432,0
DA:433,0
DA:439,0
FN:439,ManagedOTFVault.redeemInKind
FNDA:0,ManagedOTFVault.redeemInKind
DA:445,0
DA:446,0
DA:448,0
DA:451,0
FN:451,ManagedOTFVault._redeem
FNDA:0,ManagedOTFVault._redeem
DA:458,0
BRDA:458,45,0,-
DA:459,0
BRDA:459,46,0,-
DA:460,0
BRDA:460,47,0,-
DA:461,0
DA:462,0
BRDA:462,48,0,-
DA:463,0
DA:465,0
BRDA:465,49,0,-
DA:466,0
DA:467,0
BRDA:467,50,0,-
DA:468,0
DA:472,0
DA:473,0
DA:474,0
BRDA:474,51,0,-
DA:475,0
DA:476,0
DA:478,0
DA:479,0
BRDA:479,52,0,-
DA:480,0
DA:482,0
DA:483,0
DA:484,0
DA:485,0
DA:486,0
DA:487,0
DA:488,0
DA:489,0
DA:490,0
DA:493,0
DA:494,0
BRDA:494,53,0,-
DA:495,0
DA:496,0
DA:499,0
DA:500,0
BRDA:500,54,0,-
DA:501,0
DA:503,0
DA:504,0
DA:505,0
DA:506,0
DA:509,0
DA:510,0
BRDA:510,55,0,-
DA:511,0
DA:515,0
BRDA:515,56,0,-
DA:516,0
DA:517,0
DA:520,0
DA:521,0
DA:523,0
DA:524,0
BRDA:524,57,0,-
DA:525,0
DA:526,0
DA:527,0
BRDA:527,58,0,-
DA:528,0
DA:532,0
DA:533,0
BRDA:533,59,0,-
DA:534,0
DA:538,0
DA:540,0
DA:543,0
DA:544,0
BRDA:544,60,0,-
DA:545,0
BRDA:545,61,0,-
DA:546,0
DA:554,0
FN:554,ManagedOTFVault.activateEmergencyShutdown
FNDA:0,ManagedOTFVault.activateEmergencyShutdown
DA:555,0
BRDA:555,62,0,-
DA:556,0
BRDA:556,63,0,-
DA:557,0
DA:559,0
DA:560,0
DA:561,0
DA:562,0
DA:567,0
FN:567,ManagedOTFVault._previewMintWithSupply
FNDA:0,ManagedOTFVault._previewMintWithSupply
DA:572,0
BRDA:572,64,0,-
DA:573,0
DA:575,0
DA:576,0
DA:577,0
DA:578,0
DA:581,0
DA:582,0
DA:586,0
FN:586,ManagedOTFVault._previewRedeemWithSupply
FNDA:0,ManagedOTFVault._previewRedeemWithSupply
DA:592,0
BRDA:592,65,0,-
DA:593,0
DA:595,0
DA:596,0
DA:597,0
DA:598,0
BRDA:598,66,0,-
DA:599,0
DA:600,0
DA:601,0
DA:602,0
BRDA:602,67,0,-
DA:603,0
DA:605,0
DA:606,0
DA:611,0
FN:611,ManagedOTFVault._feeTargetAt
FNDA:0,ManagedOTFVault._feeTargetAt
DA:616,0
DA:617,0
BRDA:617,68,0,-
DA:618,0
DA:620,0
DA:621,0
BRDA:621,69,0,-
DA:623,0
BRDA:623,70,0,-
DA:624,0
DA:625,0
DA:626,0
DA:627,0
DA:628,0
DA:629,0
DA:630,0
DA:631,0
DA:632,0
DA:635,0
DA:636,0
DA:637,0
BRDA:637,71,0,-
DA:638,0
DA:639,0
DA:640,0
DA:641,0
DA:642,0
DA:645,0
FN:645,ManagedOTFVault._accrueFees
FNDA:0,ManagedOTFVault._accrueFees
DA:646,0
BRDA:646,72,0,-
DA:647,0
DA:648,0
BRDA:648,73,0,-
DA:649,0
DA:650,0
BRDA:650,74,0,-
DA:651,0
DA:652,0
DA:654,0
DA:655,0
DA:656,0
DA:657,0
DA:660,0
FN:660,ManagedOTFVault._splitFeeShares
FNDA:0,ManagedOTFVault._splitFeeShares
DA:665,0
DA:666,0
DA:669,0
FN:669,ManagedOTFVault._mintFeeShares
FNDA:0,ManagedOTFVault._mintFeeShares
DA:673,0
DA:674,0
DA:678,0
FN:678,ManagedOTFVault._splitExpenseFeeShares
FNDA:0,ManagedOTFVault._splitExpenseFeeShares
DA:683,0
DA:684,0
DA:686,0
DA:687,0
DA:688,0
DA:691,0
FN:691,ManagedOTFVault._mintExpenseFeeShares
FNDA:0,ManagedOTFVault._mintExpenseFeeShares
DA:695,0
DA:696,0
DA:698,0
DA:699,0
DA:702,0
FN:702,ManagedOTFVault._collectFeeShares
FNDA:0,ManagedOTFVault._collectFeeShares
DA:705,0
BRDA:705,75,0,-
DA:706,0
DA:707,0
DA:710,0
FN:710,ManagedOTFVault._grossMintShares
FNDA:0,ManagedOTFVault._grossMintShares
DA:711,0
BRDA:711,76,0,-
DA:712,0
DA:715,0
FN:715,ManagedOTFVault._netRedeemShares
FNDA:0,ManagedOTFVault._netRedeemShares
DA:721,0
BRDA:721,77,0,-
DA:722,0
DA:723,0
DA:724,0
BRDA:724,78,0,-
DA:727,0
FN:727,ManagedOTFVault._resetFeeEpoch
FNDA:0,ManagedOTFVault._resetFeeEpoch
DA:728,0
DA:729,0
DA:730,0
DA:731,0
DA:732,0
DA:735,0
FN:735,ManagedOTFVault._shutdownIfSupplyTooLow
FNDA:0,ManagedOTFVault._shutdownIfSupplyTooLow
DA:736,0
DA:737,0
BRDA:737,79,0,-
DA:738,0
DA:739,0
DA:740,0
DA:743,0
FN:743,ManagedOTFVault._isSkipped
FNDA:0,ManagedOTFVault._isSkipped
DA:744,0
DA:747,0
FN:747,ManagedOTFVault._requireBackingSound
FNDA:0,ManagedOTFVault._requireBackingSound
DA:748,0
DA:749,0
DA:750,0
DA:751,0
DA:752,0
DA:753,0
BRDA:753,80,0,-
DA:758,0
FN:758,ManagedOTFVault._hasBackingDeficit
FNDA:0,ManagedOTFVault._hasBackingDeficit
DA:759,0
DA:760,0
DA:761,0
DA:762,0
BRDA:762,81,0,-
DA:763,0
BRDA:763,82,0,-
DA:766,0
DA:769,0
FN:769,ManagedOTFVault._actualBalances
FNDA:0,ManagedOTFVault._actualBalances
DA:770,0
DA:773,0
FN:773,ManagedOTFVault._basketBalances
FNDA:0,ManagedOTFVault._basketBalances
DA:774,0
DA:775,0
DA:776,0
DA:777,0
DA:781,0
FN:781,ManagedOTFVault._requireExpectedBalances
FNDA:0,ManagedOTFVault._requireExpectedBalances
DA:786,0
DA:787,0
DA:788,0
DA:789,0
DA:790,0
DA:791,0
BRDA:791,83,0,-
DA:795,0
FN:795,ManagedOTFVault._requireExpectedAccountBalances
FNDA:0,ManagedOTFVault._requireExpectedAccountBalances
DA:801,0
DA:802,0
DA:803,0
DA:804,0
DA:805,0
DA:806,0
BRDA:806,84,0,-
DA:807,0
DA:812,0
FN:812,ManagedOTFVault._requireExpectedUnskippedBalances
FNDA:0,ManagedOTFVault._requireExpectedUnskippedBalances
DA:819,0
DA:820,0
DA:821,0
BRDA:821,85,0,-
DA:822,0
DA:823,0
DA:824,0
DA:825,0
BRDA:825,86,0,-
DA:826,0
DA:828,0
DA:829,0
DA:830,0
BRDA:830,87,0,-
DA:831,0
DA:838,0
FN:838,ManagedOTFVault._pullExact
FNDA:0,ManagedOTFVault._pullExact
DA:839,0
DA:840,0
DA:841,0
DA:842,0
DA:843,0
DA:844,0
DA:845,0
DA:846,0
BRDA:846,88,0,-
DA:847,0
DA:851,0
FN:851,ManagedOTFVault._pushExact
FNDA:0,ManagedOTFVault._pushExact
DA:852,0
DA:853,0
DA:854,0
BRDA:854,89,0,-
DA:855,0
DA:856,0
DA:857,0
DA:858,0
DA:859,0
BRDA:859,90,0,-
DA:860,0
FNF:62
FNH:0
LF:472
LH:0
BRF:92
BRH:0
end_of_record
TN:
SF:contracts/src/ManagedOTFVaultStorage.sol
DA:128,0
FN:128,ManagedOTFVaultStorage.onlyInitialized
FNDA:0,ManagedOTFVaultStorage.onlyInitialized
DA:129,0
BRDA:129,0,0,-
DA:133,0
FN:133,ManagedOTFVaultStorage.onlyRouter
FNDA:0,ManagedOTFVaultStorage.onlyRouter
DA:134,0
BRDA:134,1,0,-
DA:138,0
FN:138,ManagedOTFVaultStorage.nonReentrant
FNDA:0,ManagedOTFVaultStorage.nonReentrant
DA:139,0
BRDA:139,2,0,-
DA:140,0
DA:142,0
FNF:3
FNH:0
LF:8
LH:0
BRF:3
BRH:0
end_of_record
TN:
SF:contracts/src/MerkleRewardsDistributor.sol
DA:37,0
FN:37,MerkleRewardsDistributor.constructor
FNDA:0,MerkleRewardsDistributor.constructor
DA:38,0
BRDA:38,0,0,-
DA:39,0
BRDA:39,1,0,-
DA:40,0
DA:43,0
FN:43,MerkleRewardsDistributor.setMerkleRoot
FNDA:0,MerkleRewardsDistributor.setMerkleRoot
DA:44,0
DA:45,0
DA:46,0
DA:47,0
DA:50,0
FN:50,MerkleRewardsDistributor.leafFor
FNDA:0,MerkleRewardsDistributor.leafFor
DA:51,0
DA:58,0
FN:58,MerkleRewardsDistributor.claim
FNDA:0,MerkleRewardsDistributor.claim
DA:62,0
DA:63,0
BRDA:63,2,0,-
DA:64,0
DA:66,0
DA:67,0
BRDA:67,3,0,-
DA:68,0
DA:70,0
DA:71,0
BRDA:71,4,0,-
DA:72,0
DA:73,0
BRDA:73,5,0,-
DA:74,0
DA:75,0
DA:76,0
FNF:4
FNH:0
LF:25
LH:0
BRF:6
BRH:0
end_of_record
TN:
SF:contracts/src/OTFEntryExitRouter.sol
DA:164,0
FN:164,OTFEntryExitRouter.constructor
FNDA:0,OTFEntryExitRouter.constructor
DA:167,0
DA:168,0
DA:169,0
DA:170,0
DA:173,0
FN:173,OTFEntryExitRouter.receive
FNDA:0,OTFEntryExitRouter.receive
DA:174,0
BRDA:174,0,0,-
DA:177,0
FN:177,OTFEntryExitRouter.nonReentrant
FNDA:0,OTFEntryExitRouter.nonReentrant
DA:178,0
BRDA:178,1,0,-
DA:179,0
DA:181,0
DA:185,0
FN:185,OTFEntryExitRouter.setAdapterApproved
FNDA:0,OTFEntryExitRouter.setAdapterApproved
DA:186,0
BRDA:186,2,0,-
BRDA:186,2,1,-
DA:187,0
DA:188,0
DA:189,0
BRDA:189,3,0,-
DA:190,0
DA:192,0
BRDA:192,4,0,-
DA:193,0
DA:195,0
DA:196,0
DA:200,0
FN:200,OTFEntryExitRouter.mintFromToken
FNDA:0,OTFEntryExitRouter.mintFromToken
DA:205,0
DA:206,0
DA:207,0
DA:208,0
DA:209,0
DA:211,0
DA:222,0
FN:222,OTFEntryExitRouter.mintFromNative
FNDA:0,OTFEntryExitRouter.mintFromNative
DA:233,0
BRDA:233,5,0,-
DA:234,0
DA:236,0
BRDA:236,6,0,-
DA:237,0
DA:238,0
DA:239,0
DA:240,0
DA:241,0
DA:244,0
DA:248,0
FN:248,OTFEntryExitRouter.redeemToToken
FNDA:0,OTFEntryExitRouter.redeemToToken
DA:257,0
DA:258,0
DA:259,0
DA:260,0
DA:262,0
DA:263,0
DA:265,0
DA:271,0
FN:271,OTFEntryExitRouter.redeemToNative
FNDA:0,OTFEntryExitRouter.redeemToNative
DA:280,0
BRDA:280,7,0,-
DA:281,0
DA:283,0
DA:284,0
DA:285,0
DA:286,0
DA:287,0
BRDA:287,8,0,-
DA:288,0
DA:294,0
DA:295,0
DA:296,0
DA:298,0
DA:303,0
FN:303,OTFEntryExitRouter.swapFeeSharesToWeth
FNDA:0,OTFEntryExitRouter.swapFeeSharesToWeth
DA:308,0
BRDA:308,9,0,-
DA:309,0
DA:311,0
DA:312,0
DA:313,0
BRDA:313,10,0,-
DA:314,0
BRDA:314,11,0,-
DA:316,0
DA:317,0
DA:318,0
DA:319,0
DA:320,0
DA:322,0
DA:323,0
DA:324,0
DA:325,0
DA:326,0
DA:327,0
BRDA:327,12,0,-
DA:328,0
DA:330,0
DA:331,0
DA:332,0
DA:333,0
BRDA:333,13,0,-
DA:335,0
DA:338,0
FN:338,OTFEntryExitRouter._prepareMint
FNDA:0,OTFEntryExitRouter._prepareMint
DA:342,0
DA:343,0
DA:344,0
DA:345,0
DA:346,0
DA:347,0
DA:348,0
DA:349,0
DA:350,0
DA:353,0
FN:353,OTFEntryExitRouter._processMint
FNDA:0,OTFEntryExitRouter._processMint
DA:358,0
DA:359,0
DA:362,0
FN:362,OTFEntryExitRouter._prepareRedeem
FNDA:0,OTFEntryExitRouter._prepareRedeem
DA:367,0
DA:368,0
DA:369,0
BRDA:369,14,0,-
DA:370,0
DA:371,0
DA:372,0
BRDA:372,15,0,-
DA:373,0
DA:375,0
DA:376,0
DA:377,0
DA:378,0
DA:379,0
DA:380,0
DA:381,0
DA:384,0
FN:384,OTFEntryExitRouter._processRedeem
FNDA:0,OTFEntryExitRouter._processRedeem
DA:390,0
DA:391,0
DA:399,0
DA:400,0
DA:401,0
DA:402,0
BRDA:402,16,0,-
DA:403,0
DA:408,0
FN:408,OTFEntryExitRouter.swapBasketToBasket
FNDA:0,OTFEntryExitRouter.swapBasketToBasket
DA:417,0
DA:418,0
DA:419,0
DA:420,0
BRDA:420,17,0,-
DA:421,0
DA:422,0
DA:423,0
BRDA:423,18,0,-
DA:424,0
DA:425,0
BRDA:425,19,0,-
DA:426,0
DA:431,0
DA:432,0
DA:433,0
DA:434,0
DA:435,0
DA:436,0
DA:437,0
DA:438,0
DA:439,0
DA:440,0
DA:442,0
DA:443,0
DA:451,0
DA:452,0
DA:453,0
DA:455,0
DA:460,0
FN:460,OTFEntryExitRouter._validateMintRequest
FNDA:0,OTFEntryExitRouter._validateMintRequest
DA:461,0
DA:462,0
DA:463,0
DA:465,0
DA:466,0
DA:467,0
BRDA:467,20,0,-
DA:468,0
DA:470,0
BRDA:470,21,0,-
DA:471,0
BRDA:471,22,0,-
DA:474,0
FN:474,OTFEntryExitRouter._validateRedeemRequest
FNDA:0,OTFEntryExitRouter._validateRedeemRequest
DA:475,0
DA:476,0
DA:477,0
DA:479,0
DA:480,0
DA:481,0
BRDA:481,23,0,-
DA:482,0
DA:484,0
BRDA:484,24,0,-
DA:485,0
BRDA:485,25,0,-
DA:488,0
FN:488,OTFEntryExitRouter._validateBasketSwapRequest
FNDA:0,OTFEntryExitRouter._validateBasketSwapRequest
DA:489,0
DA:490,0
DA:491,0
DA:492,0
BRDA:492,26,0,-
DA:493,0
BRDA:493,27,0,-
DA:494,0
BRDA:494,28,0,-
DA:497,0
FN:497,OTFEntryExitRouter._validateDeadline
FNDA:0,OTFEntryExitRouter._validateDeadline
DA:500,0
BRDA:500,29,0,-
DA:503,0
FN:503,OTFEntryExitRouter._requireVault
FNDA:0,OTFEntryExitRouter._requireVault
DA:504,0
DA:505,0
BRDA:505,30,0,-
DA:508,0
FN:508,OTFEntryExitRouter._requireToken
FNDA:0,OTFEntryExitRouter._requireToken
DA:509,0
DA:512,0
FN:512,OTFEntryExitRouter._requireContract
FNDA:0,OTFEntryExitRouter._requireContract
DA:513,0
BRDA:513,31,0,-
DA:514,0
BRDA:514,32,0,-
DA:517,0
FN:517,OTFEntryExitRouter._validatedAssets
FNDA:0,OTFEntryExitRouter._validatedAssets
DA:518,0
DA:519,0
BRDA:519,33,0,-
DA:520,0
DA:522,0
DA:523,0
DA:524,0
DA:525,0
BRDA:525,34,0,-
DA:530,0
FN:530,OTFEntryExitRouter._newBalanceSheet
FNDA:0,OTFEntryExitRouter._newBalanceSheet
DA:531,0
DA:532,0
DA:533,0
DA:534,0
DA:535,0
DA:538,0
FN:538,OTFEntryExitRouter._addAssets
FNDA:0,OTFEntryExitRouter._addAssets
DA:539,0
DA:540,0
DA:544,0
FN:544,OTFEntryExitRouter._addUnskippedAssets
FNDA:0,OTFEntryExitRouter._addUnskippedAssets
DA:549,0
DA:550,0
BRDA:550,35,0,-
DA:554,0
FN:554,OTFEntryExitRouter._validateSkipMask
FNDA:0,OTFEntryExitRouter._validateSkipMask
DA:559,0
BRDA:559,36,0,-
DA:560,0
DA:562,0
DA:563,0
BRDA:563,37,0,-
DA:564,0
DA:569,0
FN:569,OTFEntryExitRouter._rejectSkippedLegs
FNDA:0,OTFEntryExitRouter._rejectSkippedLegs
DA:573,0
DA:574,0
BRDA:574,38,0,-
DA:575,0
DA:577,0
BRDA:577,39,0,-
DA:578,0
DA:583,0
FN:583,OTFEntryExitRouter._isSkippedAsset
FNDA:0,OTFEntryExitRouter._isSkippedAsset
DA:588,0
DA:589,0
BRDA:589,40,0,-
DA:591,0
DA:594,0
FN:594,OTFEntryExitRouter._isSkipped
FNDA:0,OTFEntryExitRouter._isSkipped
DA:595,0
DA:598,0
FN:598,OTFEntryExitRouter._addToken
FNDA:0,OTFEntryExitRouter._addToken
DA:599,0
DA:600,0
DA:601,0
BRDA:601,41,0,-
DA:603,0
BRDA:603,42,0,-
DA:604,0
DA:605,0
DA:608,0
FN:608,OTFEntryExitRouter._prepareLegs
FNDA:0,OTFEntryExitRouter._prepareLegs
DA:614,0
BRDA:614,43,0,-
DA:615,0
DA:617,0
DA:618,0
DA:619,0
DA:620,0
BRDA:620,44,0,-
DA:621,0
DA:622,0
BRDA:622,45,0,-
DA:623,0
DA:625,0
BRDA:625,46,0,-
DA:626,0
BRDA:626,47,0,-
DA:628,0
DA:629,0
DA:630,0
BRDA:630,48,0,-
DA:631,0
DA:636,0
DA:637,0
DA:641,0
FN:641,OTFEntryExitRouter._snapshot
FNDA:0,OTFEntryExitRouter._snapshot
DA:642,0
DA:643,0
DA:644,0
DA:648,0
FN:648,OTFEntryExitRouter._executeLegs
FNDA:0,OTFEntryExitRouter._executeLegs
DA:649,0
DA:650,0
DA:651,0
DA:652,0
DA:653,0
BRDA:653,49,0,-
DA:654,0
DA:657,0
DA:658,0
DA:659,0
DA:660,0
DA:662,0
BRDA:662,50,0,-
DA:664,0
DA:665,0
DA:666,0
DA:667,0
DA:668,0
BRDA:668,51,0,-
DA:669,0
BRDA:669,52,0,-
DA:670,0
BRDA:670,53,0,-
DA:671,0
DA:676,0
FN:676,OTFEntryExitRouter._mintMaximum
FNDA:0,OTFEntryExitRouter._mintMaximum
DA:682,0
DA:683,0
DA:684,0
DA:687,0
DA:688,0
DA:689,0
BRDA:689,54,0,-
DA:690,0
BRDA:690,55,0,-
DA:692,0
DA:693,0
DA:694,0
DA:695,0
BRDA:695,56,0,-
DA:696,0
DA:698,0
DA:699,0
DA:700,0
DA:702,0
DA:703,0
DA:704,0
BRDA:704,57,0,-
DA:706,0
DA:707,0
DA:708,0
DA:709,0
DA:710,0
DA:711,0
BRDA:711,58,0,-
DA:712,0
DA:715,0
DA:716,0
DA:717,0
DA:718,0
BRDA:718,59,0,-
DA:719,0
DA:722,0
FN:722,OTFEntryExitRouter._redeemBasket
FNDA:0,OTFEntryExitRouter._redeemBasket
DA:730,0
DA:731,0
DA:732,0
DA:733,0
BRDA:733,60,0,-
DA:734,0
DA:736,0
DA:738,0
BRDA:738,61,0,-
DA:740,0
DA:741,0
DA:742,0
BRDA:742,62,0,-
DA:743,0
DA:744,0
BRDA:744,63,0,-
DA:745,0
BRDA:745,64,0,-
DA:746,0
DA:748,0
DA:749,0
DA:750,0
DA:751,0
BRDA:751,65,0,-
DA:752,0
DA:754,0
BRDA:754,66,0,-
DA:755,0
DA:760,0
FN:760,OTFEntryExitRouter._transientBalance
FNDA:0,OTFEntryExitRouter._transientBalance
DA:765,0
DA:766,0
DA:767,0
DA:768,0
BRDA:768,67,0,-
DA:769,0
DA:772,0
FN:772,OTFEntryExitRouter._tokenIndex
FNDA:0,OTFEntryExitRouter._tokenIndex
DA:777,0
DA:778,0
BRDA:778,68,0,-
DA:780,0
DA:783,0
FN:783,OTFEntryExitRouter._recordDebit
FNDA:0,OTFEntryExitRouter._recordDebit
DA:784,0
DA:787,0
FN:787,OTFEntryExitRouter._recordCredit
FNDA:0,OTFEntryExitRouter._recordCredit
DA:788,0
DA:791,0
FN:791,OTFEntryExitRouter._requireOnlyOutput
FNDA:0,OTFEntryExitRouter._requireOnlyOutput
DA:792,0
DA:793,0
DA:794,0
BRDA:794,69,0,-
DA:795,0
DA:796,0
BRDA:796,70,0,-
DA:800,0
FN:800,OTFEntryExitRouter._refundAndClose
FNDA:0,OTFEntryExitRouter._refundAndClose
DA:804,0
DA:805,0
DA:806,0
DA:807,0
DA:808,0
DA:809,0
DA:810,0
DA:811,0
BRDA:811,71,0,-
DA:812,0
DA:813,0
BRDA:813,72,0,-
DA:814,0
DA:815,0
DA:816,0
DA:817,0
DA:818,0
DA:820,0
DA:821,0
BRDA:821,73,0,-
DA:824,0
DA:825,0
DA:826,0
DA:827,0
DA:828,0
BRDA:828,74,0,-
DA:830,0
DA:832,0
DA:833,0
DA:837,0
FN:837,OTFEntryExitRouter._refundAndCloseNativeMint
FNDA:0,OTFEntryExitRouter._refundAndCloseNativeMint
DA:845,0
DA:846,0
DA:847,0
DA:848,0
BRDA:848,75,0,-
DA:849,0
DA:851,0
DA:852,0
BRDA:852,76,0,-
DA:853,0
DA:854,0
DA:856,0
DA:857,0
BRDA:857,77,0,-
DA:859,0
DA:860,0
DA:863,0
FN:863,OTFEntryExitRouter._wrapExact
FNDA:0,OTFEntryExitRouter._wrapExact
DA:864,0
DA:865,0
DA:866,0
DA:867,0
BRDA:867,78,0,-
DA:868,0
DA:872,0
FN:872,OTFEntryExitRouter._sendNative
FNDA:0,OTFEntryExitRouter._sendNative
DA:873,0
DA:874,0
BRDA:874,79,0,-
DA:877,0
FN:877,OTFEntryExitRouter._assertNativeBaseline
FNDA:0,OTFEntryExitRouter._assertNativeBaseline
DA:878,0
DA:879,0
BRDA:879,80,0,-
DA:882,0
FN:882,OTFEntryExitRouter._refundAmount
FNDA:0,OTFEntryExitRouter._refundAmount
DA:887,0
DA:888,0
BRDA:888,81,0,-
DA:892,0
FN:892,OTFEntryExitRouter._assertCallerDeltas
FNDA:0,OTFEntryExitRouter._assertCallerDeltas
DA:893,0
DA:894,0
DA:895,0
DA:896,0
DA:897,0
DA:898,0
BRDA:898,82,0,-
DA:899,0
DA:906,0
FN:906,OTFEntryExitRouter._pullExact
FNDA:0,OTFEntryExitRouter._pullExact
DA:907,0
DA:908,0
DA:909,0
DA:910,0
DA:920,0
FN:920,OTFEntryExitRouter._approveExact
FNDA:0,OTFEntryExitRouter._approveExact
DA:921,0
DA:922,0
DA:923,0
BRDA:923,83,0,-
DA:926,0
FN:926,OTFEntryExitRouter._pushExact
FNDA:0,OTFEntryExitRouter._pushExact
DA:927,0
DA:928,0
DA:929,0
DA:930,0
DA:940,0
FN:940,OTFEntryExitRouter._verifyTransfer
FNDA:0,OTFEntryExitRouter._verifyTransfer
DA:948,0
DA:949,0
DA:950,0
BRDA:950,84,0,-
DA:951,0
FNF:51
FNH:0
LF:425
LH:0
BRF:86
BRH:0
end_of_record
TN:
SF:contracts/src/OTFFactory.sol
DA:48,0
FN:48,OTFFactory.constructor
FNDA:0,OTFFactory.constructor
DA:49,0
BRDA:49,0,0,-
DA:50,0
BRDA:50,1,0,-
DA:51,0
BRDA:51,2,0,-
DA:53,0
DA:54,0
DA:55,0
DA:56,0
DA:59,0
FN:59,OTFFactory.nonReentrantCreation
FNDA:0,OTFFactory.nonReentrantCreation
DA:60,0
BRDA:60,3,0,-
DA:61,0
DA:63,0
DA:67,0
FN:67,OTFFactory.configureEntryExitRouter
FNDA:0,OTFFactory.configureEntryExitRouter
DA:68,0
BRDA:68,4,0,-
DA:69,0
BRDA:69,5,0,-
DA:70,0
BRDA:70,6,0,-
DA:71,0
DA:72,0
BRDA:72,7,0,-
DA:73,0
DA:74,0
BRDA:74,7,1,-
DA:75,0
DA:77,0
BRDA:77,8,0,-
DA:78,0
DA:80,0
DA:81,0
DA:82,0
BRDA:82,9,0,-
DA:83,0
DA:85,0
DA:87,0
DA:89,0
BRDA:89,10,0,-
DA:90,0
DA:92,0
DA:94,0
DA:96,0
BRDA:96,11,0,-
DA:97,0
DA:99,0
DA:100,0
DA:103,0
FN:103,OTFFactory.vaultCount
FNDA:0,OTFFactory.vaultCount
DA:104,0
DA:107,0
FN:107,OTFFactory.vaultAt
FNDA:0,OTFFactory.vaultAt
DA:108,0
DA:111,0
FN:111,OTFFactory.createVault
FNDA:0,OTFFactory.createVault
DA:116,0
BRDA:116,12,0,-
DA:117,0
DA:118,0
DA:120,0
DA:121,0
DA:122,0
DA:125,0
FN:125,OTFFactory.otfTokenURI
FNDA:0,OTFFactory.otfTokenURI
DA:126,0
FNF:7
FNH:0
LF:50
LH:0
BRF:14
BRH:0
end_of_record
TN:
SF:contracts/src/OTFLaunchManager.sol
DA:139,207
FN:139,OTFLaunchManager.constructor
FNDA:207,OTFLaunchManager.constructor
DA:147,207
DA:148,207
DA:149,207
DA:150,207
DA:151,207
DA:152,207
DA:153,207
BRDA:153,0,0,0
DA:154,0
DA:156,207
BRDA:156,1,0,0
DA:157,0
DA:159,207
BRDA:159,2,0,0
DA:160,0
DA:162,207
BRDA:162,3,0,0
DA:163,0
DA:166,207
DA:167,207
DA:168,207
DA:169,207
DA:170,207
DA:171,207
DA:172,207
DA:173,207
DA:174,207
DA:175,98
DA:177,0
BRDA:177,4,0,98
BRDA:177,4,1,109
DA:178,98
DA:179,98
DA:180,98
DA:181,98
DA:183,109
DA:184,109
DA:185,109
DA:186,109
DA:190,423
FN:190,OTFLaunchManager.nonReentrant
FNDA:423,OTFLaunchManager.nonReentrant
DA:191,0
BRDA:191,5,0,-
DA:192,423
DA:194,202
DA:197,206
FN:197,OTFLaunchManager.hookPermissionsValid
FNDA:206,OTFLaunchManager.hookPermissionsValid
DA:198,206
DA:202,2
FN:202,OTFLaunchManager.beforeInitialize
FNDA:2,OTFLaunchManager.beforeInitialize
DA:207,2
BRDA:207,6,0,1
DA:208,1
BRDA:208,7,0,1
DA:209,0
DA:213,911
FN:213,OTFLaunchManager.beforeAddLiquidity
FNDA:911,OTFLaunchManager.beforeAddLiquidity
DA:219,911
BRDA:219,8,0,0
DA:220,911
BRDA:220,9,0,0
DA:221,911
BRDA:221,10,0,315
DA:222,596
BRDA:222,11,0,0
DA:224,413
BRDA:224,12,0,204
BRDA:224,12,1,0
DA:226,204
DA:227,204
DA:228,204
DA:229,0
BRDA:229,13,0,-
DA:230,209
BRDA:230,14,0,203
BRDA:230,14,1,0
DA:232,203
DA:233,203
DA:234,203
DA:235,0
BRDA:235,15,0,-
DA:237,6
DA:239,407
DA:242,207
FN:242,OTFLaunchManager.initializeLaunch
FNDA:207,OTFLaunchManager.initializeLaunch
DA:243,207
BRDA:243,16,0,1
DA:244,206
BRDA:244,17,0,0
DA:245,206
DA:246,206
DA:247,204
BRDA:247,18,0,0
DA:248,0
DA:250,204
DA:251,204
DA:256,204
DA:258,204
DA:259,204
DA:260,0
BRDA:260,19,0,-
DA:261,204
DA:262,204
DA:263,204
DA:264,204
DA:265,204
DA:273,204
DA:274,204
BRDA:274,20,0,0
DA:275,0
DA:277,204
DA:278,204
DA:284,863
FN:284,OTFLaunchManager.afterSwap
FNDA:863,OTFLaunchManager.afterSwap
DA:291,863
BRDA:291,21,0,0
DA:292,863
BRDA:292,22,0,1
DA:293,862
DA:294,862
BRDA:294,23,0,131
DA:295,731
BRDA:295,24,0,1
DA:296,1
DA:298,725
BRDA:298,25,0,1
DA:299,1
DA:301,724
DA:302,724
DA:303,724
BRDA:303,26,0,6
DA:304,6
DA:306,718
BRDA:306,27,0,229
DA:307,229
DA:308,229
DA:309,229
DA:311,718
DA:314,423
FN:314,OTFLaunchManager.finalizeGraduation
FNDA:423,OTFLaunchManager.finalizeGraduation
DA:315,423
BRDA:315,28,0,218
DA:316,218
DA:318,205
DA:319,205
BRDA:319,29,0,2
DA:320,2
DA:322,203
DA:327,203
DA:329,203
DA:330,203
DA:331,0
DA:332,203
DA:333,203
DA:334,203
DA:335,203
DA:336,203
BRDA:336,30,0,0
DA:337,0
DA:339,203
DA:340,203
DA:341,203
DA:342,203
DA:343,203
DA:351,202
DA:352,202
DA:354,202
DA:355,202
DA:356,202
DA:357,0
BRDA:357,31,0,-
DA:359,202
DA:360,202
DA:361,202
DA:362,202
DA:363,202
DA:364,202
DA:365,202
DA:375,1523
FN:375,OTFLaunchManager.currentPoolState
FNDA:1523,OTFLaunchManager.currentPoolState
DA:376,1523
DA:379,0
FN:379,OTFLaunchManager.currentOtfPriceWethWad
FNDA:0,OTFLaunchManager.currentOtfPriceWethWad
DA:380,0
DA:381,0
DA:384,2
FN:384,OTFLaunchManager.initialOtfPriceWethWad
FNDA:2,OTFLaunchManager.initialOtfPriceWethWad
DA:385,2
DA:388,2
FN:388,OTFLaunchManager.finalOtfPriceWethWad
FNDA:2,OTFLaunchManager.finalOtfPriceWethWad
DA:389,2
DA:392,0
FN:392,OTFLaunchManager.currentLaunchReferenceFdvWeth
FNDA:0,OTFLaunchManager.currentLaunchReferenceFdvWeth
DA:393,0
DA:394,0
DA:399,1397
FN:399,OTFLaunchManager.bootstrapSqrtPriceBounds
FNDA:1397,OTFLaunchManager.bootstrapSqrtPriceBounds
DA:404,1397
DA:405,1397
DA:408,411
FN:408,OTFLaunchManager.derivedLaunchAmounts
FNDA:411,OTFLaunchManager.derivedLaunchAmounts
DA:418,411
DA:419,411
DA:420,411
DA:421,200
BRDA:421,32,0,200
BRDA:421,32,1,211
DA:422,200
DA:425,200
DA:428,200
DA:431,200
DA:435,211
DA:438,211
DA:441,211
DA:444,211
DA:450,0
FN:450,OTFLaunchManager.bootstrapProgress
FNDA:0,OTFLaunchManager.bootstrapProgress
DA:455,0
BRDA:455,33,0,-
DA:456,0
BRDA:456,34,0,-
DA:457,0
DA:459,0
DA:460,0
DA:461,0
DA:462,0
DA:465,0
DA:466,0
BRDA:466,35,0,-
BRDA:466,35,1,-
DA:467,0
DA:473,0
DA:479,0
DA:480,0
DA:481,0
DA:482,0
BRDA:482,36,0,-
BRDA:482,36,1,-
DA:483,0
DA:486,0
BRDA:486,37,0,-
BRDA:486,37,1,-
DA:487,0
DA:490,0
DA:494,0
DA:498,0
DA:499,0
BRDA:499,38,0,-
DA:500,0
DA:501,0
DA:504,1
FN:504,OTFLaunchManager.lockedDustBalances
FNDA:1,OTFLaunchManager.lockedDustBalances
DA:505,1
DA:506,1
DA:509,407
FN:509,OTFLaunchManager._mintPosition
FNDA:407,OTFLaunchManager._mintPosition
DA:516,407
DA:517,407
DA:518,407
DA:519,407
DA:520,407
DA:533,407
DA:534,407
DA:539,406
DA:540,406
DA:543,203
FN:543,OTFLaunchManager._burnBootstrapPosition
FNDA:203,OTFLaunchManager._burnBootstrapPosition
DA:544,203
DA:545,203
DA:546,203
DA:547,203
DA:554,1626
FN:554,OTFLaunchManager._setPositionManagerAllowance
FNDA:1626,OTFLaunchManager._setPositionManagerAllowance
DA:555,1626
BRDA:555,39,0,0
DA:556,0
DA:558,1626
BRDA:558,40,0,0
DA:559,0
DA:563,1626
DA:564,1626
DA:570,1774
FN:570,OTFLaunchManager._poolId
FNDA:1774,OTFLaunchManager._poolId
DA:571,1774
DA:572,1774
DA:575,1242
FN:575,OTFLaunchManager._requireContract
FNDA:1242,OTFLaunchManager._requireContract
DA:576,1242
BRDA:576,41,0,0
DA:577,1242
BRDA:577,42,0,0
FNF:22
FNH:19
LF:221
LH:173
BRF:50
BRH:18
end_of_record
TN:
SF:contracts/src/OTFLaunchManagerDeployer.sol
DA:10,207
FN:10,OTFLaunchManagerDeployer.deploy
FNDA:207,OTFLaunchManagerDeployer.deploy
DA:19,207
DA:22,207
FNF:1
FNH:1
LF:3
LH:3
BRF:0
BRH:0
end_of_record
TN:
SF:contracts/src/OTFLaunchRouter.sol
DA:75,207
FN:75,OTFLaunchRouter.constructor
FNDA:207,OTFLaunchRouter.constructor
DA:76,207
BRDA:76,0,0,0
DA:77,207
BRDA:77,1,0,0
DA:78,207
DA:79,207
DA:80,207
DA:81,207
DA:82,207
BRDA:82,2,0,0
DA:83,207
BRDA:83,3,0,0
DA:84,207
BRDA:84,4,0,0
DA:85,207
DA:86,207
DA:87,207
DA:89,207
DA:90,207
DA:91,0
BRDA:91,5,0,-
DA:93,207
DA:94,207
DA:95,207
DA:96,207
DA:97,207
DA:98,207
DA:101,269
FN:101,OTFLaunchRouter.nonReentrant
FNDA:269,OTFLaunchRouter.nonReentrant
DA:102,0
BRDA:102,6,0,-
DA:103,269
DA:105,187
DA:108,87
FN:108,OTFLaunchRouter.receive
FNDA:87,OTFLaunchRouter.receive
DA:109,87
BRDA:109,7,0,1
DA:112,269
FN:112,OTFLaunchRouter.buyOtfWithWeth
FNDA:269,OTFLaunchRouter.buyOtfWithWeth
DA:118,269
DA:126,133
FN:126,OTFLaunchRouter.buyOtfWithEth
FNDA:133,OTFLaunchRouter.buyOtfWithEth
DA:132,133
DA:136,133
DA:137,133
BRDA:137,8,0,57
DA:138,57
DA:139,57
BRDA:139,9,0,1
DA:143,63
FN:143,OTFLaunchRouter.sellOtfForWeth
FNDA:63,OTFLaunchRouter.sellOtfForWeth
DA:149,63
DA:157,90
FN:157,OTFLaunchRouter.sellOtfForEth
FNDA:90,OTFLaunchRouter.sellOtfForEth
DA:163,90
DA:171,473
FN:171,OTFLaunchRouter.unlockCallback
FNDA:473,OTFLaunchRouter.unlockCallback
DA:172,473
BRDA:172,10,0,1
DA:173,472
DA:174,472
DA:175,472
DA:176,322
BRDA:176,11,0,322
BRDA:176,11,1,0
DA:177,322
DA:179,150
DA:180,150
DA:181,150
DA:184,472
DA:194,472
DA:195,472
DA:196,472
DA:197,472
BRDA:197,12,0,0
DA:200,472
DA:203,472
DA:204,472
BRDA:204,13,0,2
DA:205,2
DA:208,470
DA:209,321
DA:210,470
DA:211,133
BRDA:211,14,0,133
BRDA:211,14,1,0
DA:212,133
DA:213,133
DA:215,337
DA:217,470
DA:218,470
DA:222,470
DA:225,555
FN:225,OTFLaunchRouter._swap
FNDA:555,OTFLaunchRouter._swap
DA:231,555
BRDA:231,15,0,77
DA:232,478
BRDA:232,16,0,2
DA:234,476
DA:235,474
DA:236,3
BRDA:236,17,0,3
DA:237,3
DA:239,473
DA:240,473
BRDA:240,18,0,1
DA:241,472
DA:244,470
BRDA:244,19,0,122
DA:245,122
DA:247,86
BRDA:247,20,0,86
DA:248,86
DA:249,86
DA:250,86
BRDA:250,21,0,1
DA:252,468
DA:255,472
FN:255,OTFLaunchRouter._unpackDelta
FNDA:472,OTFLaunchRouter._unpackDelta
DA:257,0
DA:258,0
FNF:10
FNH:10
LF:89
LH:85
BRF:24
BRH:14
end_of_record
TN:
SF:contracts/src/OTFToken.sol
DA:15,0
FN:15,OTFToken.constructor
FNDA:0,OTFToken.constructor
DA:16,0
BRDA:16,0,0,-
DA:18,0
DA:22,0
FN:22,OTFToken.tokenURI
FNDA:0,OTFToken.tokenURI
DA:23,0
FNF:2
FNH:0
LF:5
LH:0
BRF:1
BRH:0
end_of_record
TN:
SF:contracts/src/TeamMarketCapVesting.sol
DA:63,0
FN:63,TeamMarketCapVesting.constructor
FNDA:0,TeamMarketCapVesting.constructor
DA:69,0
DA:70,0
DA:71,0
BRDA:71,0,0,-
DA:72,0
BRDA:72,1,0,-
DA:74,0
DA:75,0
DA:76,0
DA:77,0
DA:78,0
DA:79,0
DA:80,0
BRDA:80,2,0,-
DA:82,0
DA:83,0
DA:84,0
DA:85,0
DA:86,0
DA:87,0
DA:88,0
DA:91,0
FN:91,TeamMarketCapVesting.initiateBeneficiaryTransfer
FNDA:0,TeamMarketCapVesting.initiateBeneficiaryTransfer
DA:92,0
BRDA:92,3,0,-
DA:93,0
BRDA:93,4,0,-
DA:94,0
DA:95,0
DA:98,0
FN:98,TeamMarketCapVesting.cancelBeneficiaryTransfer
FNDA:0,TeamMarketCapVesting.cancelBeneficiaryTransfer
DA:99,0
BRDA:99,5,0,-
DA:100,0
DA:101,0
BRDA:101,6,0,-
DA:102,0
DA:103,0
DA:106,0
FN:106,TeamMarketCapVesting.acceptBeneficiaryTransfer
FNDA:0,TeamMarketCapVesting.acceptBeneficiaryTransfer
DA:107,0
BRDA:107,7,0,-
DA:108,0
DA:109,0
DA:110,0
DA:111,0
DA:114,0
FN:114,TeamMarketCapVesting.currentOtfPriceWethWad
FNDA:0,TeamMarketCapVesting.currentOtfPriceWethWad
DA:115,0
DA:116,0
DA:119,0
FN:119,TeamMarketCapVesting.oracleStatus
FNDA:0,TeamMarketCapVesting.oracleStatus
DA:124,0
DA:125,0
DA:126,0
BRDA:126,8,0,-
DA:129,0
BRDA:129,9,0,-
DA:130,0
DA:132,0
DA:133,0
BRDA:133,10,0,-
DA:134,0
DA:137,0
DA:140,0
FN:140,TeamMarketCapVesting.liveFdvUsdWad
FNDA:0,TeamMarketCapVesting.liveFdvUsdWad
DA:141,0
DA:142,0
DA:143,0
DA:144,0
DA:147,0
FN:147,TeamMarketCapVesting.checkpoint
FNDA:0,TeamMarketCapVesting.checkpoint
DA:148,0
BRDA:148,11,0,-
DA:149,0
DA:150,0
DA:151,0
BRDA:151,12,0,-
DA:152,0
DA:153,0
BRDA:153,13,0,-
DA:154,0
DA:155,0
DA:158,0
FN:158,TeamMarketCapVesting.claimable
FNDA:0,TeamMarketCapVesting.claimable
DA:159,0
DA:162,0
FN:162,TeamMarketCapVesting.claim
FNDA:0,TeamMarketCapVesting.claim
DA:163,0
BRDA:163,14,0,-
DA:164,0
DA:165,0
BRDA:165,15,0,-
DA:166,0
DA:167,0
DA:168,0
DA:171,0
FN:171,TeamMarketCapVesting.nextMilestone
FNDA:0,TeamMarketCapVesting.nextMilestone
DA:176,0
DA:177,0
BRDA:177,16,0,-
DA:178,0
DA:179,0
DA:180,0
DA:181,0
DA:182,0
BRDA:182,17,0,-
DA:183,0
DA:185,0
BRDA:185,18,0,-
DA:188,0
FN:188,TeamMarketCapVesting._requireContract
FNDA:0,TeamMarketCapVesting._requireContract
DA:189,0
BRDA:189,19,0,-
DA:190,0
BRDA:190,20,0,-
FNF:12
FNH:0
LF:85
LH:0
BRF:21
BRH:0
end_of_record
TN:
SF:contracts/src/UniswapV3Adapter.sol
DA:38,0
FN:38,UniswapV3Adapter.constructor
FNDA:0,UniswapV3Adapter.constructor
DA:39,0
DA:40,0
DA:41,0
DA:42,0
DA:43,0
BRDA:43,0,0,-
DA:44,0
DA:46,0
DA:47,0
DA:48,0
DA:51,0
FN:51,UniswapV3Adapter.onlyEntryExitRouter
FNDA:0,UniswapV3Adapter.onlyEntryExitRouter
DA:52,0
BRDA:52,1,0,-
DA:56,0
FN:56,UniswapV3Adapter.nonReentrant
FNDA:0,UniswapV3Adapter.nonReentrant
DA:57,0
BRDA:57,2,0,-
DA:58,0
DA:60,0
DA:63,0
FN:63,UniswapV3Adapter.executeSwap
FNDA:0,UniswapV3Adapter.executeSwap
DA:70,0
DA:71,0
DA:72,0
BRDA:72,3,0,-
DA:73,0
DA:74,0
DA:75,0
BRDA:75,4,0,-
DA:76,0
DA:79,0
DA:80,0
BRDA:80,5,0,-
DA:81,0
DA:82,0
DA:83,0
DA:85,0
DA:86,0
DA:87,0
DA:96,0
DA:98,0
DA:99,0
BRDA:99,6,0,-
DA:100,0
DA:101,0
DA:103,0
DA:104,0
BRDA:104,7,0,-
DA:105,0
DA:107,0
DA:108,0
DA:110,0
BRDA:110,8,0,-
DA:111,0
BRDA:111,9,0,-
DA:114,0
FN:114,UniswapV3Adapter._validatePath
FNDA:0,UniswapV3Adapter._validatePath
DA:115,0
DA:116,0
BRDA:116,10,0,-
DA:117,0
BRDA:117,11,0,-
DA:119,0
DA:120,0
DA:121,0
BRDA:121,12,0,-
DA:122,0
DA:124,0
DA:125,0
DA:126,0
DA:127,0
DA:128,0
BRDA:128,13,0,-
DA:129,0
DA:131,0
DA:135,0
FN:135,UniswapV3Adapter._authenticatePool
FNDA:0,UniswapV3Adapter._authenticatePool
DA:136,0
DA:137,0
DA:138,0
DA:139,0
BRDA:139,14,0,-
DA:140,0
DA:142,0
DA:144,0
DA:145,0
DA:146,0
BRDA:146,15,0,-
DA:147,0
DA:151,0
FN:151,UniswapV3Adapter._approveExact
FNDA:0,UniswapV3Adapter._approveExact
DA:152,0
DA:153,0
DA:154,0
BRDA:154,16,0,-
DA:157,0
FN:157,UniswapV3Adapter._requireContract
FNDA:0,UniswapV3Adapter._requireContract
DA:158,0
BRDA:158,17,0,-
DA:159,0
BRDA:159,18,0,-
FNF:8
FNH:0
LF:77
LH:0
BRF:19
BRH:0
end_of_record
TN:
SF:contracts/src/UniswapV4Adapter.sol
DA:67,0
FN:67,UniswapV4Adapter.constructor
FNDA:0,UniswapV4Adapter.constructor
DA:74,0
DA:75,0
DA:76,0
DA:77,0
DA:78,0
DA:79,0
DA:82,0
DA:83,0
DA:84,0
DA:85,0
DA:86,0
DA:89,0
FN:89,UniswapV4Adapter.onlyEntryExitRouter
FNDA:0,UniswapV4Adapter.onlyEntryExitRouter
DA:90,0
BRDA:90,0,0,-
DA:94,0
FN:94,UniswapV4Adapter.nonReentrant
FNDA:0,UniswapV4Adapter.nonReentrant
DA:95,0
BRDA:95,1,0,-
DA:96,0
DA:98,0
DA:101,0
FN:101,UniswapV4Adapter.executeSwap
FNDA:0,UniswapV4Adapter.executeSwap
DA:108,0
DA:109,0
DA:111,0
DA:112,0
DA:113,0
BRDA:113,2,0,-
DA:114,0
DA:116,0
DA:117,0
DA:118,0
DA:122,0
DA:123,0
BRDA:123,3,0,-
DA:124,0
DA:125,0
DA:127,0
DA:128,0
DA:131,0
DA:134,0
DA:136,0
DA:138,0
DA:139,0
DA:140,0
DA:141,0
DA:142,0
DA:144,0
DA:145,0
DA:146,0
BRDA:146,4,0,-
DA:147,0
DA:148,0
DA:151,0
BRDA:151,5,0,-
DA:153,0
DA:154,0
DA:155,0
BRDA:155,6,0,-
DA:156,0
DA:158,0
DA:159,0
DA:160,0
DA:161,0
BRDA:161,7,0,-
DA:164,0
FN:164,UniswapV4Adapter._executeExactInput
FNDA:0,UniswapV4Adapter._executeExactInput
DA:171,0
DA:172,0
DA:181,0
DA:182,0
DA:184,0
DA:185,0
DA:190,0
DA:194,0
FN:194,UniswapV4Adapter._validatePath
FNDA:0,UniswapV4Adapter._validatePath
DA:195,0
DA:196,0
BRDA:196,8,0,-
DA:197,0
BRDA:197,9,0,-
DA:199,0
DA:200,0
DA:201,0
DA:202,0
DA:204,0
DA:205,0
DA:206,0
DA:207,0
BRDA:207,10,0,-
DA:208,0
DA:210,0
DA:211,0
BRDA:211,11,0,-
DA:212,0
DA:214,0
DA:215,0
DA:216,0
BRDA:216,12,0,-
DA:217,0
DA:219,0
BRDA:219,13,0,-
DA:222,0
FN:222,UniswapV4Adapter._poolId
FNDA:0,UniswapV4Adapter._poolId
DA:227,0
DA:228,0
DA:229,0
DA:232,0
FN:232,UniswapV4Adapter._requirePoolManagerBindings
FNDA:0,UniswapV4Adapter._requirePoolManagerBindings
DA:237,0
DA:238,0
BRDA:238,14,0,-
DA:239,0
DA:241,0
DA:242,0
BRDA:242,15,0,-
DA:243,0
DA:247,0
FN:247,UniswapV4Adapter._approveExact
FNDA:0,UniswapV4Adapter._approveExact
DA:248,0
DA:249,0
DA:250,0
BRDA:250,16,0,-
DA:253,0
FN:253,UniswapV4Adapter._approvePermit2
FNDA:0,UniswapV4Adapter._approvePermit2
DA:256,0
DA:259,0
BRDA:259,17,0,-
DA:260,0
DA:261,0
DA:262,0
BRDA:262,18,0,-
DA:263,0
DA:269,0
FN:269,UniswapV4Adapter._requireContract
FNDA:0,UniswapV4Adapter._requireContract
DA:270,0
BRDA:270,19,0,-
DA:271,0
BRDA:271,20,0,-
FNF:11
FNH:0
LF:110
LH:0
BRF:21
BRH:0
end_of_record
TN:
SF:contracts/src/libraries/FeeGrowthMath.sol
DA:21,0
FN:21,FeeGrowthMath.expenseDilutionGrowthWad
FNDA:0,FeeGrowthMath.expenseDilutionGrowthWad
DA:26,0
BRDA:26,0,0,-
DA:27,0
DA:29,0
DA:30,0
DA:31,0
DA:32,0
DA:36,0
DA:38,0
DA:39,0
DA:42,0
DA:46,0
FN:46,FeeGrowthMath.powWad
FNDA:0,FeeGrowthMath.powWad
DA:47,0
DA:51,0
FN:51,FeeGrowthMath.expWad
FNDA:0,FeeGrowthMath.expWad
DA:53,0
BRDA:53,1,0,-
DA:54,0
BRDA:54,2,0,-
DA:56,0
DA:57,0
DA:58,0
DA:60,0
DA:61,0
DA:62,0
DA:63,0
DA:64,0
DA:66,0
DA:67,0
DA:68,0
DA:69,0
DA:70,0
DA:71,0
DA:74,0
DA:78,0
DA:84,0
FN:84,FeeGrowthMath.lnWad
FNDA:0,FeeGrowthMath.lnWad
DA:86,0
DA:87,0
DA:88,0
DA:89,0
DA:90,0
DA:91,0
BRDA:91,3,0,-
DA:92,0
DA:93,0
DA:96,0
DA:99,0
DA:102,0
DA:107,0
DA:108,0
DA:109,0
DA:111,0
DA:112,0
DA:113,0
DA:114,0
DA:115,0
DA:116,0
DA:117,0
DA:119,0
DA:120,0
DA:122,0
DA:124,0
DA:125,0
FNF:4
FNH:0
LF:59
LH:0
BRF:4
BRH:0
end_of_record
TN:
SF:contracts/src/libraries/OTFMetadata.sol
DA:11,0
FN:11,OTFMetadata.protocolTokenURI
FNDA:0,OTFMetadata.protocolTokenURI
DA:12,0
DA:17,0
FN:17,OTFMetadata.shareTokenURI
FNDA:0,OTFMetadata.shareTokenURI
DA:18,0
DA:23,0
FN:23,OTFMetadata._tokenURI
FNDA:0,OTFMetadata._tokenURI
DA:28,0
DA:31,0
DA:40,0
FNF:3
FNH:0
LF:8
LH:0
BRF:0
BRH:0
end_of_record
TN:
SF:contracts/src/libraries/SafeTransferLib.sol
DA:11,133
FN:11,SafeTransferLib.safeTransfer
FNDA:133,SafeTransferLib.safeTransfer
DA:12,133
DA:13,133
DA:14,133
BRDA:14,0,0,0
DA:15,0
DA:19,543
FN:19,SafeTransferLib.safeTransferFrom
FNDA:543,SafeTransferLib.safeTransferFrom
DA:20,543
DA:21,543
DA:22,543
BRDA:22,1,0,2
DA:23,2
DA:27,0
FN:27,SafeTransferLib.safeApprove
FNDA:0,SafeTransferLib.safeApprove
DA:28,0
DA:29,0
DA:30,0
BRDA:30,2,0,-
DA:31,0
FNF:3
FNH:2
LF:15
LH:9
BRF:3
BRH:1
end_of_record
TN:
SF:contracts/src/libraries/UniswapV3Path.sol
DA:10,0
FN:10,UniswapV3Path.hopCount
FNDA:0,UniswapV3Path.hopCount
DA:11,0
BRDA:11,0,0,-
DA:12,0
DA:14,0
DA:17,0
FN:17,UniswapV3Path.tokenAt
FNDA:0,UniswapV3Path.tokenAt
DA:18,0
DA:20,0
DA:24,0
FN:24,UniswapV3Path.feeAt
FNDA:0,UniswapV3Path.feeAt
DA:25,0
DA:27,0
FNF:3
FNH:0
LF:10
LH:0
BRF:1
BRH:0
end_of_record
TN:
SF:contracts/src/libraries/V4PriceMath.sol
DA:13,4
FN:13,V4PriceMath.otfPriceWethWad
FNDA:4,V4PriceMath.otfPriceWethWad
DA:18,4
BRDA:18,0,0,0
DA:19,2
BRDA:19,1,0,2
DA:20,2
DA:22,2
DA:23,2
FNF:1
FNH:1
LF:6
LH:6
BRF:2
BRH:1
end_of_record
